10/07/2024 17:03:47.764 [restartedMain] INFO  f.e.t.e.EniEncheresApplication - Starting EniEncheresApplication using Java 21.0.3 with PID 548 (C:\Users\ameam\Documents\ENI\10_ENCHERES\ENI_Encheres\bin\main started by ameam in C:\Users\ameam\Documents\ENI\10_ENCHERES\ENI_Encheres)
10/07/2024 17:03:47.765 [restartedMain] INFO  f.e.t.e.EniEncheresApplication - No active profile set, falling back to 1 default profile: "default"
10/07/2024 17:03:48.270 [restartedMain] INFO  o.s.d.r.c.RepositoryConfigurationDelegate - Bootstrapping Spring Data JPA repositories in DEFAULT mode.
10/07/2024 17:03:48.280 [restartedMain] INFO  o.s.d.r.c.RepositoryConfigurationDelegate - Finished Spring Data repository scanning in 9 ms. Found 0 JPA repository interfaces.
10/07/2024 17:03:48.406 [restartedMain] WARN  o.s.b.w.s.c.AnnotationConfigServletWebServerApplicationContext - Exception encountered during context initialization - cancelling refresh attempt: org.springframework.beans.factory.CannotLoadBeanClassException: Error loading class [fr.eni.tp.encheres.bll.AuctionServiceImpl] for bean with name 'auctionServiceImpl' defined in file [C:\Users\ameam\Documents\ENI\10_ENCHERES\ENI_Encheres\bin\main\fr\eni\tp\encheres\bll\AuctionServiceImpl.class]: problem with class file or dependent class
10/07/2024 17:03:48.410 [restartedMain] INFO  o.s.b.a.l.ConditionEvaluationReportLogger - 

Error starting ApplicationContext. To display the condition evaluation report re-run your application with 'debug' enabled.
10/07/2024 17:03:48.414 [restartedMain] ERROR o.s.boot.SpringApplication - Application run failed
org.springframework.beans.factory.CannotLoadBeanClassException: Error loading class [fr.eni.tp.encheres.bll.AuctionServiceImpl] for bean with name 'auctionServiceImpl' defined in file [C:\Users\ameam\Documents\ENI\10_ENCHERES\ENI_Encheres\bin\main\fr\eni\tp\encheres\bll\AuctionServiceImpl.class]: problem with class file or dependent class
	at org.springframework.beans.factory.support.AbstractBeanFactory.resolveBeanClass(AbstractBeanFactory.java:1559)
	at org.springframework.beans.factory.support.AbstractAutowireCapableBeanFactory.determineTargetType(AbstractAutowireCapableBeanFactory.java:685)
	at org.springframework.beans.factory.support.AbstractAutowireCapableBeanFactory.predictBeanType(AbstractAutowireCapableBeanFactory.java:653)
	at org.springframework.beans.factory.support.AbstractBeanFactory.getType(AbstractBeanFactory.java:736)
	at org.springframework.beans.factory.support.DefaultListableBeanFactory.findAnnotationOnBean(DefaultListableBeanFactory.java:735)
	at org.springframework.boot.sql.init.dependency.AnnotationDependsOnDatabaseInitializationDetector.detect(AnnotationDependsOnDatabaseInitializationDetector.java:36)
	at org.springframework.boot.sql.init.dependency.DatabaseInitializationDependencyConfigurer$DependsOnDatabaseInitializationPostProcessor.detectDependsOnInitializationBeanNames(DatabaseInitializationDependencyConfigurer.java:152)
	at org.springframework.boot.sql.init.dependency.DatabaseInitializationDependencyConfigurer$DependsOnDatabaseInitializationPostProcessor.postProcessBeanFactory(DatabaseInitializationDependencyConfigurer.java:115)
	at org.springframework.context.support.PostProcessorRegistrationDelegate.invokeBeanFactoryPostProcessors(PostProcessorRegistrationDelegate.java:363)
	at org.springframework.context.support.PostProcessorRegistrationDelegate.invokeBeanFactoryPostProcessors(PostProcessorRegistrationDelegate.java:197)
	at org.springframework.context.support.AbstractApplicationContext.invokeBeanFactoryPostProcessors(AbstractApplicationContext.java:788)
	at org.springframework.context.support.AbstractApplicationContext.refresh(AbstractApplicationContext.java:606)
	at org.springframework.boot.web.servlet.context.ServletWebServerApplicationContext.refresh(ServletWebServerApplicationContext.java:146)
	at org.springframework.boot.SpringApplication.refresh(SpringApplication.java:754)
	at org.springframework.boot.SpringApplication.refreshContext(SpringApplication.java:456)
	at org.springframework.boot.SpringApplication.run(SpringApplication.java:335)
	at org.springframework.boot.SpringApplication.run(SpringApplication.java:1363)
	at org.springframework.boot.SpringApplication.run(SpringApplication.java:1352)
	at fr.eni.tp.encheres.EniEncheresApplication.main(EniEncheresApplication.java:12)
	at java.base/jdk.internal.reflect.DirectMethodHandleAccessor.invoke(DirectMethodHandleAccessor.java:103)
	at java.base/java.lang.reflect.Method.invoke(Method.java:580)
	at org.springframework.boot.devtools.restart.RestartLauncher.run(RestartLauncher.java:50)
Caused by: java.lang.ClassFormatError: Duplicate method name "selectArticles" with signature "(Lfr.eni.tp.encheres.bo.dto.SearchCriteria;ILPageable;)LPage;" in class file fr/eni/tp/encheres/bll/AuctionServiceImpl
	at java.base/java.lang.ClassLoader.defineClass1(Native Method)
	at java.base/java.lang.ClassLoader.defineClass(ClassLoader.java:1027)
	at java.base/java.security.SecureClassLoader.defineClass(SecureClassLoader.java:150)
	at java.base/java.net.URLClassLoader.defineClass(URLClassLoader.java:524)
	at java.base/java.net.URLClassLoader$1.run(URLClassLoader.java:427)
	at java.base/java.net.URLClassLoader$1.run(URLClassLoader.java:421)
	at java.base/java.security.AccessController.doPrivileged(AccessController.java:714)
	at java.base/java.net.URLClassLoader.findClass(URLClassLoader.java:420)
	at org.springframework.boot.devtools.restart.classloader.RestartClassLoader.findClass(RestartClassLoader.java:136)
	at org.springframework.boot.devtools.restart.classloader.RestartClassLoader.loadClass(RestartClassLoader.java:118)
	at java.base/java.lang.ClassLoader.loadClass(ClassLoader.java:526)
	at java.base/java.lang.Class.forName0(Native Method)
	at java.base/java.lang.Class.forName(Class.java:534)
	at java.base/java.lang.Class.forName(Class.java:513)
	at org.springframework.util.ClassUtils.forName(ClassUtils.java:304)
	at org.springframework.beans.factory.support.AbstractBeanDefinition.resolveBeanClass(AbstractBeanDefinition.java:489)
	at org.springframework.beans.factory.support.AbstractBeanFactory.doResolveBeanClass(AbstractBeanFactory.java:1624)
	at org.springframework.beans.factory.support.AbstractBeanFactory.resolveBeanClass(AbstractBeanFactory.java:1549)
	... 21 common frames omitted
10/07/2024 17:04:28.879 [restartedMain] INFO  f.e.t.e.EniEncheresApplication - Starting EniEncheresApplication using Java 21.0.3 with PID 548 (C:\Users\ameam\Documents\ENI\10_ENCHERES\ENI_Encheres\bin\main started by ameam in C:\Users\ameam\Documents\ENI\10_ENCHERES\ENI_Encheres)
10/07/2024 17:04:28.879 [restartedMain] INFO  f.e.t.e.EniEncheresApplication - No active profile set, falling back to 1 default profile: "default"
10/07/2024 17:04:29.211 [restartedMain] INFO  o.s.d.r.c.RepositoryConfigurationDelegate - Bootstrapping Spring Data JPA repositories in DEFAULT mode.
10/07/2024 17:04:29.218 [restartedMain] INFO  o.s.d.r.c.RepositoryConfigurationDelegate - Finished Spring Data repository scanning in 7 ms. Found 0 JPA repository interfaces.
10/07/2024 17:04:29.347 [restartedMain] WARN  o.s.b.w.s.c.AnnotationConfigServletWebServerApplicationContext - Exception encountered during context initialization - cancelling refresh attempt: org.springframework.beans.factory.CannotLoadBeanClassException: Error loading class [fr.eni.tp.encheres.bll.AuctionServiceImpl] for bean with name 'auctionServiceImpl' defined in file [C:\Users\ameam\Documents\ENI\10_ENCHERES\ENI_Encheres\bin\main\fr\eni\tp\encheres\bll\AuctionServiceImpl.class]: problem with class file or dependent class
10/07/2024 17:04:29.350 [restartedMain] INFO  o.s.b.a.l.ConditionEvaluationReportLogger - 

Error starting ApplicationContext. To display the condition evaluation report re-run your application with 'debug' enabled.
10/07/2024 17:04:29.355 [restartedMain] ERROR o.s.boot.SpringApplication - Application run failed
org.springframework.beans.factory.CannotLoadBeanClassException: Error loading class [fr.eni.tp.encheres.bll.AuctionServiceImpl] for bean with name 'auctionServiceImpl' defined in file [C:\Users\ameam\Documents\ENI\10_ENCHERES\ENI_Encheres\bin\main\fr\eni\tp\encheres\bll\AuctionServiceImpl.class]: problem with class file or dependent class
	at org.springframework.beans.factory.support.AbstractBeanFactory.resolveBeanClass(AbstractBeanFactory.java:1559)
	at org.springframework.beans.factory.support.AbstractAutowireCapableBeanFactory.determineTargetType(AbstractAutowireCapableBeanFactory.java:685)
	at org.springframework.beans.factory.support.AbstractAutowireCapableBeanFactory.predictBeanType(AbstractAutowireCapableBeanFactory.java:653)
	at org.springframework.beans.factory.support.AbstractBeanFactory.getType(AbstractBeanFactory.java:736)
	at org.springframework.beans.factory.support.DefaultListableBeanFactory.findAnnotationOnBean(DefaultListableBeanFactory.java:735)
	at org.springframework.boot.sql.init.dependency.AnnotationDependsOnDatabaseInitializationDetector.detect(AnnotationDependsOnDatabaseInitializationDetector.java:36)
	at org.springframework.boot.sql.init.dependency.DatabaseInitializationDependencyConfigurer$DependsOnDatabaseInitializationPostProcessor.detectDependsOnInitializationBeanNames(DatabaseInitializationDependencyConfigurer.java:152)
	at org.springframework.boot.sql.init.dependency.DatabaseInitializationDependencyConfigurer$DependsOnDatabaseInitializationPostProcessor.postProcessBeanFactory(DatabaseInitializationDependencyConfigurer.java:115)
	at org.springframework.context.support.PostProcessorRegistrationDelegate.invokeBeanFactoryPostProcessors(PostProcessorRegistrationDelegate.java:363)
	at org.springframework.context.support.PostProcessorRegistrationDelegate.invokeBeanFactoryPostProcessors(PostProcessorRegistrationDelegate.java:197)
	at org.springframework.context.support.AbstractApplicationContext.invokeBeanFactoryPostProcessors(AbstractApplicationContext.java:788)
	at org.springframework.context.support.AbstractApplicationContext.refresh(AbstractApplicationContext.java:606)
	at org.springframework.boot.web.servlet.context.ServletWebServerApplicationContext.refresh(ServletWebServerApplicationContext.java:146)
	at org.springframework.boot.SpringApplication.refresh(SpringApplication.java:754)
	at org.springframework.boot.SpringApplication.refreshContext(SpringApplication.java:456)
	at org.springframework.boot.SpringApplication.run(SpringApplication.java:335)
	at org.springframework.boot.SpringApplication.run(SpringApplication.java:1363)
	at org.springframework.boot.SpringApplication.run(SpringApplication.java:1352)
	at fr.eni.tp.encheres.EniEncheresApplication.main(EniEncheresApplication.java:12)
	at java.base/jdk.internal.reflect.DirectMethodHandleAccessor.invoke(DirectMethodHandleAccessor.java:103)
	at java.base/java.lang.reflect.Method.invoke(Method.java:580)
	at org.springframework.boot.devtools.restart.RestartLauncher.run(RestartLauncher.java:50)
Caused by: java.lang.ClassFormatError: Duplicate method name "selectArticles" with signature "(Lfr.eni.tp.encheres.bo.dto.SearchCriteria;ILPageable;)LPage;" in class file fr/eni/tp/encheres/bll/AuctionServiceImpl
	at java.base/java.lang.ClassLoader.defineClass1(Native Method)
	at java.base/java.lang.ClassLoader.defineClass(ClassLoader.java:1027)
	at java.base/java.security.SecureClassLoader.defineClass(SecureClassLoader.java:150)
	at java.base/java.net.URLClassLoader.defineClass(URLClassLoader.java:524)
	at java.base/java.net.URLClassLoader$1.run(URLClassLoader.java:427)
	at java.base/java.net.URLClassLoader$1.run(URLClassLoader.java:421)
	at java.base/java.security.AccessController.doPrivileged(AccessController.java:714)
	at java.base/java.net.URLClassLoader.findClass(URLClassLoader.java:420)
	at org.springframework.boot.devtools.restart.classloader.RestartClassLoader.findClass(RestartClassLoader.java:136)
	at org.springframework.boot.devtools.restart.classloader.RestartClassLoader.loadClass(RestartClassLoader.java:118)
	at java.base/java.lang.ClassLoader.loadClass(ClassLoader.java:526)
	at java.base/java.lang.Class.forName0(Native Method)
	at java.base/java.lang.Class.forName(Class.java:534)
	at java.base/java.lang.Class.forName(Class.java:513)
	at org.springframework.util.ClassUtils.forName(ClassUtils.java:304)
	at org.springframework.beans.factory.support.AbstractBeanDefinition.resolveBeanClass(AbstractBeanDefinition.java:489)
	at org.springframework.beans.factory.support.AbstractBeanFactory.doResolveBeanClass(AbstractBeanFactory.java:1624)
	at org.springframework.beans.factory.support.AbstractBeanFactory.resolveBeanClass(AbstractBeanFactory.java:1549)
	... 21 common frames omitted
10/07/2024 17:04:32.924 [restartedMain] INFO  f.e.t.e.EniEncheresApplication - Starting EniEncheresApplication using Java 21.0.3 with PID 548 (C:\Users\ameam\Documents\ENI\10_ENCHERES\ENI_Encheres\bin\main started by ameam in C:\Users\ameam\Documents\ENI\10_ENCHERES\ENI_Encheres)
10/07/2024 17:04:32.925 [restartedMain] INFO  f.e.t.e.EniEncheresApplication - No active profile set, falling back to 1 default profile: "default"
10/07/2024 17:04:33.086 [restartedMain] INFO  o.s.d.r.c.RepositoryConfigurationDelegate - Bootstrapping Spring Data JPA repositories in DEFAULT mode.
10/07/2024 17:04:33.087 [restartedMain] INFO  o.s.d.r.c.RepositoryConfigurationDelegate - Finished Spring Data repository scanning in 0 ms. Found 0 JPA repository interfaces.
10/07/2024 17:04:33.174 [restartedMain] INFO  o.s.b.w.e.tomcat.TomcatWebServer - Tomcat initialized with port 8080 (http)
10/07/2024 17:04:33.176 [restartedMain] INFO  o.a.catalina.core.StandardService - Starting service [Tomcat]
10/07/2024 17:04:33.176 [restartedMain] INFO  o.a.catalina.core.StandardEngine - Starting Servlet engine: [Apache Tomcat/10.1.25]
10/07/2024 17:04:33.200 [restartedMain] INFO  o.a.c.c.C.[Tomcat-9].[localhost].[/] - Initializing Spring embedded WebApplicationContext
10/07/2024 17:04:33.200 [restartedMain] INFO  o.s.b.w.s.c.ServletWebServerApplicationContext - Root WebApplicationContext: initialization completed in 274 ms
10/07/2024 17:04:33.239 [restartedMain] INFO  com.zaxxer.hikari.HikariDataSource - HikariPool-12 - Starting...
10/07/2024 17:04:33.264 [restartedMain] INFO  com.zaxxer.hikari.pool.HikariPool - HikariPool-12 - Added connection ConnectionID:40 ClientConnectionId: b792d9c0-f313-44e6-a00c-c64685b12e9d
10/07/2024 17:04:33.264 [restartedMain] INFO  com.zaxxer.hikari.HikariDataSource - HikariPool-12 - Start completed.
10/07/2024 17:04:33.266 [restartedMain] INFO  o.h.jpa.internal.util.LogHelper - HHH000204: Processing PersistenceUnitInfo [name: default]
10/07/2024 17:04:33.269 [restartedMain] INFO  o.h.c.i.RegionFactoryInitiator - HHH000026: Second-level cache disabled
10/07/2024 17:04:33.277 [restartedMain] INFO  o.s.o.j.p.SpringPersistenceUnitInfo - No LoadTimeWeaver setup: ignoring JPA class transformer
10/07/2024 17:04:33.297 [restartedMain] INFO  o.h.e.t.j.p.i.JtaPlatformInitiator - HHH000489: No JTA platform available (set 'hibernate.transaction.jta.platform' to enable JTA platform integration)
10/07/2024 17:04:33.297 [restartedMain] INFO  o.s.o.j.LocalContainerEntityManagerFactoryBean - Initialized JPA EntityManagerFactory for persistence unit 'default'
10/07/2024 17:04:33.324 [restartedMain] WARN  o.s.b.a.o.j.JpaBaseConfiguration$JpaWebConfiguration - spring.jpa.open-in-view is enabled by default. Therefore, database queries may be performed during view rendering. Explicitly configure spring.jpa.open-in-view to disable this warning
10/07/2024 17:04:33.408 [restartedMain] WARN  o.s.b.a.t.ThymeleafAutoConfiguration$DefaultTemplateResolverConfiguration - Cannot find template location: classpath:/templates/ (please add some templates, check your Thymeleaf configuration, or set spring.thymeleaf.check-template-location=false)
10/07/2024 17:04:33.465 [restartedMain] WARN  o.s.b.a.s.s.UserDetailsServiceAutoConfiguration - 

Using generated security password: 99641d52-fdf5-4f03-8a13-1efdac0c233d

This generated password is for development use only. Your security configuration must be updated before running your application in production.

10/07/2024 17:04:33.467 [restartedMain] INFO  o.s.s.c.a.a.c.InitializeUserDetailsBeanManagerConfigurer$InitializeUserDetailsManagerConfigurer - Global AuthenticationManager configured with UserDetailsService bean with name inMemoryUserDetailsManager
10/07/2024 17:04:33.502 [restartedMain] INFO  o.s.b.d.a.OptionalLiveReloadServer - LiveReload server is running on port 35729
10/07/2024 17:04:33.515 [restartedMain] INFO  o.s.b.w.e.tomcat.TomcatWebServer - Tomcat started on port 8080 (http) with context path '/'
10/07/2024 17:04:33.519 [restartedMain] INFO  f.e.t.e.EniEncheresApplication - Started EniEncheresApplication in 0.624 seconds (process running for 5064.146)
10/07/2024 17:04:33.520 [restartedMain] INFO  o.s.b.d.a.ConditionEvaluationDeltaLoggingListener - Condition evaluation delta:


==========================
CONDITION EVALUATION DELTA
==========================


Positive matches:
-----------------

   ErrorMvcAutoConfiguration.WhitelabelErrorViewConfiguration matched:
      - @ConditionalOnProperty (server.error.whitelabel.enabled) matched (OnPropertyCondition)
      - ErrorTemplate Missing did not find error template view (ErrorMvcAutoConfiguration.ErrorTemplateMissingCondition)

   ErrorMvcAutoConfiguration.WhitelabelErrorViewConfiguration#beanNameViewResolver matched:
      - @ConditionalOnMissingBean (types: org.springframework.web.servlet.view.BeanNameViewResolver; SearchStrategy: all) did not find any beans (OnBeanCondition)

   ErrorMvcAutoConfiguration.WhitelabelErrorViewConfiguration#defaultErrorView matched:
      - @ConditionalOnMissingBean (names: error; SearchStrategy: all) did not find any beans (OnBeanCondition)


Negative matches:
-----------------

    None


Exclusions:
-----------

    None


Unconditional classes:
----------------------

    None



10/07/2024 17:04:35.582 [RMI TCP Connection(88)-127.0.0.1] INFO  o.s.b.a.SpringApplicationAdminMXBeanRegistrar$SpringApplicationAdmin - Application shutdown requested.
10/07/2024 17:04:35.591 [RMI TCP Connection(88)-127.0.0.1] INFO  o.s.o.j.LocalContainerEntityManagerFactoryBean - Closing JPA EntityManagerFactory for persistence unit 'default'
10/07/2024 17:04:35.591 [RMI TCP Connection(88)-127.0.0.1] INFO  com.zaxxer.hikari.HikariDataSource - HikariPool-12 - Shutdown initiated...
10/07/2024 17:04:35.593 [RMI TCP Connection(88)-127.0.0.1] INFO  com.zaxxer.hikari.HikariDataSource - HikariPool-12 - Shutdown completed.
10/07/2024 17:05:27.357 [background-preinit] INFO  o.h.validator.internal.util.Version - HV000001: Hibernate Validator 8.0.1.Final
10/07/2024 17:05:27.388 [restartedMain] INFO  f.e.t.e.EniEncheresApplication - Starting EniEncheresApplication using Java 21.0.3 with PID 6856 (C:\Users\ameam\Documents\ENI\10_ENCHERES\ENI_Encheres\bin\main started by ameam in C:\Users\ameam\Documents\ENI\10_ENCHERES\ENI_Encheres)
10/07/2024 17:05:27.389 [restartedMain] INFO  f.e.t.e.EniEncheresApplication - No active profile set, falling back to 1 default profile: "default"
10/07/2024 17:05:27.426 [restartedMain] INFO  o.s.b.d.e.DevToolsPropertyDefaultsPostProcessor - Devtools property defaults active! Set 'spring.devtools.add-properties' to 'false' to disable
10/07/2024 17:05:27.426 [restartedMain] INFO  o.s.b.d.e.DevToolsPropertyDefaultsPostProcessor - For additional web related logging consider setting the 'logging.level.web' property to 'DEBUG'
10/07/2024 17:05:28.046 [restartedMain] INFO  o.s.d.r.c.RepositoryConfigurationDelegate - Bootstrapping Spring Data JPA repositories in DEFAULT mode.
10/07/2024 17:05:28.070 [restartedMain] INFO  o.s.d.r.c.RepositoryConfigurationDelegate - Finished Spring Data repository scanning in 17 ms. Found 0 JPA repository interfaces.
10/07/2024 17:05:28.370 [restartedMain] INFO  f.e.t.e.c.i.MessageConfig - Méthode messageSource
10/07/2024 17:05:28.589 [restartedMain] INFO  o.s.b.w.e.tomcat.TomcatWebServer - Tomcat initialized with port 8080 (http)
10/07/2024 17:05:28.598 [restartedMain] INFO  o.a.coyote.http11.Http11NioProtocol - Initializing ProtocolHandler ["http-nio-8080"]
10/07/2024 17:05:28.600 [restartedMain] INFO  o.a.catalina.core.StandardService - Starting service [Tomcat]
10/07/2024 17:05:28.600 [restartedMain] INFO  o.a.catalina.core.StandardEngine - Starting Servlet engine: [Apache Tomcat/10.1.25]
10/07/2024 17:05:28.660 [restartedMain] INFO  o.a.c.c.C.[Tomcat].[localhost].[/] - Initializing Spring embedded WebApplicationContext
10/07/2024 17:05:28.660 [restartedMain] INFO  o.s.b.w.s.c.ServletWebServerApplicationContext - Root WebApplicationContext: initialization completed in 1233 ms
10/07/2024 17:05:28.846 [restartedMain] INFO  com.zaxxer.hikari.HikariDataSource - HikariPool-1 - Starting...
10/07/2024 17:05:29.120 [restartedMain] INFO  com.zaxxer.hikari.pool.HikariPool - HikariPool-1 - Added connection ConnectionID:1 ClientConnectionId: 3078fa30-4bfc-414b-95ac-0c515355de0d
10/07/2024 17:05:29.122 [restartedMain] INFO  com.zaxxer.hikari.HikariDataSource - HikariPool-1 - Start completed.
10/07/2024 17:05:29.161 [restartedMain] INFO  o.h.jpa.internal.util.LogHelper - HHH000204: Processing PersistenceUnitInfo [name: default]
10/07/2024 17:05:29.215 [restartedMain] INFO  org.hibernate.Version - HHH000412: Hibernate ORM core version 6.5.2.Final
10/07/2024 17:05:29.253 [restartedMain] INFO  o.h.c.i.RegionFactoryInitiator - HHH000026: Second-level cache disabled
10/07/2024 17:05:29.563 [restartedMain] INFO  o.s.o.j.p.SpringPersistenceUnitInfo - No LoadTimeWeaver setup: ignoring JPA class transformer
10/07/2024 17:05:29.959 [restartedMain] INFO  o.h.e.t.j.p.i.JtaPlatformInitiator - HHH000489: No JTA platform available (set 'hibernate.transaction.jta.platform' to enable JTA platform integration)
10/07/2024 17:05:29.964 [restartedMain] INFO  o.s.o.j.LocalContainerEntityManagerFactoryBean - Initialized JPA EntityManagerFactory for persistence unit 'default'
10/07/2024 17:05:30.058 [restartedMain] INFO  f.e.t.e.c.security.SecurityConfig - Méthode passwordEncoder
10/07/2024 17:05:30.104 [restartedMain] INFO  f.e.t.e.c.i.MessageConfig - Méthode localResolver
10/07/2024 17:05:30.106 [restartedMain] INFO  f.e.t.e.c.i.MessageConfig - Méthode localeChangeInterceptor
10/07/2024 17:05:30.140 [restartedMain] WARN  o.s.b.a.o.j.JpaBaseConfiguration$JpaWebConfiguration - spring.jpa.open-in-view is enabled by default. Therefore, database queries may be performed during view rendering. Explicitly configure spring.jpa.open-in-view to disable this warning
10/07/2024 17:05:30.163 [restartedMain] INFO  o.s.s.c.a.a.c.InitializeUserDetailsBeanManagerConfigurer$InitializeUserDetailsManagerConfigurer - Global AuthenticationManager configured with UserDetailsService bean with name customerUserDetailService
10/07/2024 17:05:30.226 [restartedMain] INFO  o.s.b.a.w.s.WelcomePageHandlerMapping - Adding welcome page template: index
10/07/2024 17:05:30.228 [restartedMain] INFO  f.e.t.e.c.i.MessageConfig - Méthode addInterceptors
10/07/2024 17:05:30.374 [restartedMain] INFO  f.e.t.e.c.security.SecurityConfig - Méthode web
10/07/2024 17:05:30.671 [restartedMain] INFO  o.s.b.d.a.OptionalLiveReloadServer - LiveReload server is running on port 35729
10/07/2024 17:05:30.687 [restartedMain] INFO  o.a.coyote.http11.Http11NioProtocol - Starting ProtocolHandler ["http-nio-8080"]
10/07/2024 17:05:30.703 [restartedMain] INFO  o.s.b.w.e.tomcat.TomcatWebServer - Tomcat started on port 8080 (http) with context path '/'
10/07/2024 17:05:30.718 [restartedMain] INFO  f.e.t.e.EniEncheresApplication - Started EniEncheresApplication in 3.757 seconds (process running for 4.492)
10/07/2024 17:06:00.014 [scheduling-1] INFO  f.e.t.e.scheduler.ArticleWatcher - Méthode updateArticleState
10/07/2024 17:06:00.015 [scheduling-1] INFO  f.eni.tp.encheres.dal.ArticleDAOImpl - Méthode findArticleToUpdateToFinished
10/07/2024 17:06:00.064 [scheduling-1] ERROR o.s.s.s.TaskUtils$LoggingErrorHandler - Unexpected error occurred in scheduled task
org.springframework.jdbc.UncategorizedSQLException: PreparedStatementCallback; uncategorized SQLException for SQL [SELECT no_article, nom_article, description, date_debut_encheres, date_fin_encheres, prix_initial, prix_vente, no_utilisateur, no_categorie, no_acheteur, etat_vente, imageUUID FROM ARTICLES_VENDUS WHERE date_fin_encheres < GETDATE() AND etat_vente = 2]; SQL state [S0001]; error code [207]; Nom de colonne non valide : 'imageUUID'.
	at org.springframework.jdbc.core.JdbcTemplate.translateException(JdbcTemplate.java:1549)
	at org.springframework.jdbc.core.JdbcTemplate.execute(JdbcTemplate.java:677)
	at org.springframework.jdbc.core.JdbcTemplate.query(JdbcTemplate.java:723)
	at org.springframework.jdbc.core.JdbcTemplate.query(JdbcTemplate.java:748)
	at org.springframework.jdbc.core.JdbcTemplate.query(JdbcTemplate.java:804)
	at org.springframework.jdbc.core.namedparam.NamedParameterJdbcTemplate.query(NamedParameterJdbcTemplate.java:218)
	at org.springframework.jdbc.core.namedparam.NamedParameterJdbcTemplate.query(NamedParameterJdbcTemplate.java:230)
	at fr.eni.tp.encheres.dal.ArticleDAOImpl.findArticleToUpdateToFinished(ArticleDAOImpl.java:237)
	at java.base/jdk.internal.reflect.DirectMethodHandleAccessor.invoke(DirectMethodHandleAccessor.java:103)
	at java.base/java.lang.reflect.Method.invoke(Method.java:580)
	at org.springframework.aop.support.AopUtils.invokeJoinpointUsingReflection(AopUtils.java:354)
	at org.springframework.aop.framework.ReflectiveMethodInvocation.invokeJoinpoint(ReflectiveMethodInvocation.java:196)
	at org.springframework.aop.framework.ReflectiveMethodInvocation.proceed(ReflectiveMethodInvocation.java:163)
	at org.springframework.aop.framework.CglibAopProxy$CglibMethodInvocation.proceed(CglibAopProxy.java:768)
	at org.springframework.dao.support.PersistenceExceptionTranslationInterceptor.invoke(PersistenceExceptionTranslationInterceptor.java:138)
	at org.springframework.aop.framework.ReflectiveMethodInvocation.proceed(ReflectiveMethodInvocation.java:184)
	at org.springframework.aop.framework.CglibAopProxy$CglibMethodInvocation.proceed(CglibAopProxy.java:768)
	at org.springframework.aop.framework.CglibAopProxy$DynamicAdvisedInterceptor.intercept(CglibAopProxy.java:720)
	at fr.eni.tp.encheres.dal.ArticleDAOImpl$$SpringCGLIB$$0.findArticleToUpdateToFinished(<generated>)
	at fr.eni.tp.encheres.scheduler.ArticleWatcher.updateArticleState(ArticleWatcher.java:39)
	at java.base/jdk.internal.reflect.DirectMethodHandleAccessor.invoke(DirectMethodHandleAccessor.java:103)
	at java.base/java.lang.reflect.Method.invoke(Method.java:580)
	at org.springframework.scheduling.support.ScheduledMethodRunnable.runInternal(ScheduledMethodRunnable.java:130)
	at org.springframework.scheduling.support.ScheduledMethodRunnable.lambda$run$2(ScheduledMethodRunnable.java:124)
	at io.micrometer.observation.Observation.observe(Observation.java:499)
	at org.springframework.scheduling.support.ScheduledMethodRunnable.run(ScheduledMethodRunnable.java:124)
	at org.springframework.scheduling.support.DelegatingErrorHandlingRunnable.run(DelegatingErrorHandlingRunnable.java:54)
	at org.springframework.scheduling.concurrent.ReschedulingRunnable.run(ReschedulingRunnable.java:96)
	at java.base/java.util.concurrent.Executors$RunnableAdapter.call(Executors.java:572)
	at java.base/java.util.concurrent.FutureTask.run(FutureTask.java:317)
	at java.base/java.util.concurrent.ScheduledThreadPoolExecutor$ScheduledFutureTask.run(ScheduledThreadPoolExecutor.java:304)
	at java.base/java.util.concurrent.ThreadPoolExecutor.runWorker(ThreadPoolExecutor.java:1144)
	at java.base/java.util.concurrent.ThreadPoolExecutor$Worker.run(ThreadPoolExecutor.java:642)
	at java.base/java.lang.Thread.run(Thread.java:1583)
Caused by: com.microsoft.sqlserver.jdbc.SQLServerException: Nom de colonne non valide : 'imageUUID'.
	at com.microsoft.sqlserver.jdbc.SQLServerException.makeFromDatabaseError(SQLServerException.java:261)
	at com.microsoft.sqlserver.jdbc.SQLServerStatement.getNextResult(SQLServerStatement.java:1752)
	at com.microsoft.sqlserver.jdbc.SQLServerPreparedStatement.doExecutePreparedStatement(SQLServerPreparedStatement.java:686)
	at com.microsoft.sqlserver.jdbc.SQLServerPreparedStatement$PrepStmtExecCmd.doExecute(SQLServerPreparedStatement.java:605)
	at com.microsoft.sqlserver.jdbc.TDSCommand.execute(IOBuffer.java:7748)
	at com.microsoft.sqlserver.jdbc.SQLServerConnection.executeCommand(SQLServerConnection.java:4410)
	at com.microsoft.sqlserver.jdbc.SQLServerStatement.executeCommand(SQLServerStatement.java:293)
	at com.microsoft.sqlserver.jdbc.SQLServerStatement.executeStatement(SQLServerStatement.java:263)
	at com.microsoft.sqlserver.jdbc.SQLServerPreparedStatement.executeQuery(SQLServerPreparedStatement.java:520)
	at com.zaxxer.hikari.pool.ProxyPreparedStatement.executeQuery(ProxyPreparedStatement.java:52)
	at com.zaxxer.hikari.pool.HikariProxyPreparedStatement.executeQuery(HikariProxyPreparedStatement.java)
	at org.springframework.jdbc.core.JdbcTemplate$1.doInPreparedStatement(JdbcTemplate.java:732)
	at org.springframework.jdbc.core.JdbcTemplate.execute(JdbcTemplate.java:658)
	... 32 common frames omitted
10/07/2024 17:07:00.008 [scheduling-1] INFO  f.e.t.e.scheduler.ArticleWatcher - Méthode updateArticleState
10/07/2024 17:07:00.008 [scheduling-1] INFO  f.eni.tp.encheres.dal.ArticleDAOImpl - Méthode findArticleToUpdateToFinished
10/07/2024 17:07:00.035 [scheduling-1] ERROR o.s.s.s.TaskUtils$LoggingErrorHandler - Unexpected error occurred in scheduled task
org.springframework.jdbc.UncategorizedSQLException: PreparedStatementCallback; uncategorized SQLException for SQL [SELECT no_article, nom_article, description, date_debut_encheres, date_fin_encheres, prix_initial, prix_vente, no_utilisateur, no_categorie, no_acheteur, etat_vente, imageUUID FROM ARTICLES_VENDUS WHERE date_fin_encheres < GETDATE() AND etat_vente = 2]; SQL state [S0001]; error code [207]; Nom de colonne non valide : 'imageUUID'.
	at org.springframework.jdbc.core.JdbcTemplate.translateException(JdbcTemplate.java:1549)
	at org.springframework.jdbc.core.JdbcTemplate.execute(JdbcTemplate.java:677)
	at org.springframework.jdbc.core.JdbcTemplate.query(JdbcTemplate.java:723)
	at org.springframework.jdbc.core.JdbcTemplate.query(JdbcTemplate.java:748)
	at org.springframework.jdbc.core.JdbcTemplate.query(JdbcTemplate.java:804)
	at org.springframework.jdbc.core.namedparam.NamedParameterJdbcTemplate.query(NamedParameterJdbcTemplate.java:218)
	at org.springframework.jdbc.core.namedparam.NamedParameterJdbcTemplate.query(NamedParameterJdbcTemplate.java:230)
	at fr.eni.tp.encheres.dal.ArticleDAOImpl.findArticleToUpdateToFinished(ArticleDAOImpl.java:237)
	at java.base/jdk.internal.reflect.DirectMethodHandleAccessor.invoke(DirectMethodHandleAccessor.java:103)
	at java.base/java.lang.reflect.Method.invoke(Method.java:580)
	at org.springframework.aop.support.AopUtils.invokeJoinpointUsingReflection(AopUtils.java:354)
	at org.springframework.aop.framework.ReflectiveMethodInvocation.invokeJoinpoint(ReflectiveMethodInvocation.java:196)
	at org.springframework.aop.framework.ReflectiveMethodInvocation.proceed(ReflectiveMethodInvocation.java:163)
	at org.springframework.aop.framework.CglibAopProxy$CglibMethodInvocation.proceed(CglibAopProxy.java:768)
	at org.springframework.dao.support.PersistenceExceptionTranslationInterceptor.invoke(PersistenceExceptionTranslationInterceptor.java:138)
	at org.springframework.aop.framework.ReflectiveMethodInvocation.proceed(ReflectiveMethodInvocation.java:184)
	at org.springframework.aop.framework.CglibAopProxy$CglibMethodInvocation.proceed(CglibAopProxy.java:768)
	at org.springframework.aop.framework.CglibAopProxy$DynamicAdvisedInterceptor.intercept(CglibAopProxy.java:720)
	at fr.eni.tp.encheres.dal.ArticleDAOImpl$$SpringCGLIB$$0.findArticleToUpdateToFinished(<generated>)
	at fr.eni.tp.encheres.scheduler.ArticleWatcher.updateArticleState(ArticleWatcher.java:39)
	at java.base/jdk.internal.reflect.DirectMethodHandleAccessor.invoke(DirectMethodHandleAccessor.java:103)
	at java.base/java.lang.reflect.Method.invoke(Method.java:580)
	at org.springframework.scheduling.support.ScheduledMethodRunnable.runInternal(ScheduledMethodRunnable.java:130)
	at org.springframework.scheduling.support.ScheduledMethodRunnable.lambda$run$2(ScheduledMethodRunnable.java:124)
	at io.micrometer.observation.Observation.observe(Observation.java:499)
	at org.springframework.scheduling.support.ScheduledMethodRunnable.run(ScheduledMethodRunnable.java:124)
	at org.springframework.scheduling.support.DelegatingErrorHandlingRunnable.run(DelegatingErrorHandlingRunnable.java:54)
	at org.springframework.scheduling.concurrent.ReschedulingRunnable.run(ReschedulingRunnable.java:96)
	at java.base/java.util.concurrent.Executors$RunnableAdapter.call(Executors.java:572)
	at java.base/java.util.concurrent.FutureTask.run(FutureTask.java:317)
	at java.base/java.util.concurrent.ScheduledThreadPoolExecutor$ScheduledFutureTask.run(ScheduledThreadPoolExecutor.java:304)
	at java.base/java.util.concurrent.ThreadPoolExecutor.runWorker(ThreadPoolExecutor.java:1144)
	at java.base/java.util.concurrent.ThreadPoolExecutor$Worker.run(ThreadPoolExecutor.java:642)
	at java.base/java.lang.Thread.run(Thread.java:1583)
Caused by: com.microsoft.sqlserver.jdbc.SQLServerException: Nom de colonne non valide : 'imageUUID'.
	at com.microsoft.sqlserver.jdbc.SQLServerException.makeFromDatabaseError(SQLServerException.java:261)
	at com.microsoft.sqlserver.jdbc.SQLServerStatement.getNextResult(SQLServerStatement.java:1752)
	at com.microsoft.sqlserver.jdbc.SQLServerPreparedStatement.doExecutePreparedStatement(SQLServerPreparedStatement.java:686)
	at com.microsoft.sqlserver.jdbc.SQLServerPreparedStatement$PrepStmtExecCmd.doExecute(SQLServerPreparedStatement.java:605)
	at com.microsoft.sqlserver.jdbc.TDSCommand.execute(IOBuffer.java:7748)
	at com.microsoft.sqlserver.jdbc.SQLServerConnection.executeCommand(SQLServerConnection.java:4410)
	at com.microsoft.sqlserver.jdbc.SQLServerStatement.executeCommand(SQLServerStatement.java:293)
	at com.microsoft.sqlserver.jdbc.SQLServerStatement.executeStatement(SQLServerStatement.java:263)
	at com.microsoft.sqlserver.jdbc.SQLServerPreparedStatement.executeQuery(SQLServerPreparedStatement.java:520)
	at com.zaxxer.hikari.pool.ProxyPreparedStatement.executeQuery(ProxyPreparedStatement.java:52)
	at com.zaxxer.hikari.pool.HikariProxyPreparedStatement.executeQuery(HikariProxyPreparedStatement.java)
	at org.springframework.jdbc.core.JdbcTemplate$1.doInPreparedStatement(JdbcTemplate.java:732)
	at org.springframework.jdbc.core.JdbcTemplate.execute(JdbcTemplate.java:658)
	... 32 common frames omitted
10/07/2024 17:08:00.005 [scheduling-1] INFO  f.e.t.e.scheduler.ArticleWatcher - Méthode updateArticleState
10/07/2024 17:08:00.005 [scheduling-1] INFO  f.eni.tp.encheres.dal.ArticleDAOImpl - Méthode findArticleToUpdateToFinished
10/07/2024 17:08:00.032 [scheduling-1] ERROR o.s.s.s.TaskUtils$LoggingErrorHandler - Unexpected error occurred in scheduled task
org.springframework.jdbc.UncategorizedSQLException: PreparedStatementCallback; uncategorized SQLException for SQL [SELECT no_article, nom_article, description, date_debut_encheres, date_fin_encheres, prix_initial, prix_vente, no_utilisateur, no_categorie, no_acheteur, etat_vente, imageUUID FROM ARTICLES_VENDUS WHERE date_fin_encheres < GETDATE() AND etat_vente = 2]; SQL state [S0001]; error code [207]; Nom de colonne non valide : 'imageUUID'.
	at org.springframework.jdbc.core.JdbcTemplate.translateException(JdbcTemplate.java:1549)
	at org.springframework.jdbc.core.JdbcTemplate.execute(JdbcTemplate.java:677)
	at org.springframework.jdbc.core.JdbcTemplate.query(JdbcTemplate.java:723)
	at org.springframework.jdbc.core.JdbcTemplate.query(JdbcTemplate.java:748)
	at org.springframework.jdbc.core.JdbcTemplate.query(JdbcTemplate.java:804)
	at org.springframework.jdbc.core.namedparam.NamedParameterJdbcTemplate.query(NamedParameterJdbcTemplate.java:218)
	at org.springframework.jdbc.core.namedparam.NamedParameterJdbcTemplate.query(NamedParameterJdbcTemplate.java:230)
	at fr.eni.tp.encheres.dal.ArticleDAOImpl.findArticleToUpdateToFinished(ArticleDAOImpl.java:237)
	at java.base/jdk.internal.reflect.DirectMethodHandleAccessor.invoke(DirectMethodHandleAccessor.java:103)
	at java.base/java.lang.reflect.Method.invoke(Method.java:580)
	at org.springframework.aop.support.AopUtils.invokeJoinpointUsingReflection(AopUtils.java:354)
	at org.springframework.aop.framework.ReflectiveMethodInvocation.invokeJoinpoint(ReflectiveMethodInvocation.java:196)
	at org.springframework.aop.framework.ReflectiveMethodInvocation.proceed(ReflectiveMethodInvocation.java:163)
	at org.springframework.aop.framework.CglibAopProxy$CglibMethodInvocation.proceed(CglibAopProxy.java:768)
	at org.springframework.dao.support.PersistenceExceptionTranslationInterceptor.invoke(PersistenceExceptionTranslationInterceptor.java:138)
	at org.springframework.aop.framework.ReflectiveMethodInvocation.proceed(ReflectiveMethodInvocation.java:184)
	at org.springframework.aop.framework.CglibAopProxy$CglibMethodInvocation.proceed(CglibAopProxy.java:768)
	at org.springframework.aop.framework.CglibAopProxy$DynamicAdvisedInterceptor.intercept(CglibAopProxy.java:720)
	at fr.eni.tp.encheres.dal.ArticleDAOImpl$$SpringCGLIB$$0.findArticleToUpdateToFinished(<generated>)
	at fr.eni.tp.encheres.scheduler.ArticleWatcher.updateArticleState(ArticleWatcher.java:39)
	at java.base/jdk.internal.reflect.DirectMethodHandleAccessor.invoke(DirectMethodHandleAccessor.java:103)
	at java.base/java.lang.reflect.Method.invoke(Method.java:580)
	at org.springframework.scheduling.support.ScheduledMethodRunnable.runInternal(ScheduledMethodRunnable.java:130)
	at org.springframework.scheduling.support.ScheduledMethodRunnable.lambda$run$2(ScheduledMethodRunnable.java:124)
	at io.micrometer.observation.Observation.observe(Observation.java:499)
	at org.springframework.scheduling.support.ScheduledMethodRunnable.run(ScheduledMethodRunnable.java:124)
	at org.springframework.scheduling.support.DelegatingErrorHandlingRunnable.run(DelegatingErrorHandlingRunnable.java:54)
	at org.springframework.scheduling.concurrent.ReschedulingRunnable.run(ReschedulingRunnable.java:96)
	at java.base/java.util.concurrent.Executors$RunnableAdapter.call(Executors.java:572)
	at java.base/java.util.concurrent.FutureTask.run(FutureTask.java:317)
	at java.base/java.util.concurrent.ScheduledThreadPoolExecutor$ScheduledFutureTask.run(ScheduledThreadPoolExecutor.java:304)
	at java.base/java.util.concurrent.ThreadPoolExecutor.runWorker(ThreadPoolExecutor.java:1144)
	at java.base/java.util.concurrent.ThreadPoolExecutor$Worker.run(ThreadPoolExecutor.java:642)
	at java.base/java.lang.Thread.run(Thread.java:1583)
Caused by: com.microsoft.sqlserver.jdbc.SQLServerException: Nom de colonne non valide : 'imageUUID'.
	at com.microsoft.sqlserver.jdbc.SQLServerException.makeFromDatabaseError(SQLServerException.java:261)
	at com.microsoft.sqlserver.jdbc.SQLServerStatement.getNextResult(SQLServerStatement.java:1752)
	at com.microsoft.sqlserver.jdbc.SQLServerPreparedStatement.doExecutePreparedStatement(SQLServerPreparedStatement.java:686)
	at com.microsoft.sqlserver.jdbc.SQLServerPreparedStatement$PrepStmtExecCmd.doExecute(SQLServerPreparedStatement.java:605)
	at com.microsoft.sqlserver.jdbc.TDSCommand.execute(IOBuffer.java:7748)
	at com.microsoft.sqlserver.jdbc.SQLServerConnection.executeCommand(SQLServerConnection.java:4410)
	at com.microsoft.sqlserver.jdbc.SQLServerStatement.executeCommand(SQLServerStatement.java:293)
	at com.microsoft.sqlserver.jdbc.SQLServerStatement.executeStatement(SQLServerStatement.java:263)
	at com.microsoft.sqlserver.jdbc.SQLServerPreparedStatement.executeQuery(SQLServerPreparedStatement.java:520)
	at com.zaxxer.hikari.pool.ProxyPreparedStatement.executeQuery(ProxyPreparedStatement.java:52)
	at com.zaxxer.hikari.pool.HikariProxyPreparedStatement.executeQuery(HikariProxyPreparedStatement.java)
	at org.springframework.jdbc.core.JdbcTemplate$1.doInPreparedStatement(JdbcTemplate.java:732)
	at org.springframework.jdbc.core.JdbcTemplate.execute(JdbcTemplate.java:658)
	... 32 common frames omitted
10/07/2024 17:09:00.009 [scheduling-1] INFO  f.e.t.e.scheduler.ArticleWatcher - Méthode updateArticleState
10/07/2024 17:09:00.009 [scheduling-1] INFO  f.eni.tp.encheres.dal.ArticleDAOImpl - Méthode findArticleToUpdateToFinished
10/07/2024 17:09:00.027 [scheduling-1] ERROR o.s.s.s.TaskUtils$LoggingErrorHandler - Unexpected error occurred in scheduled task
org.springframework.jdbc.UncategorizedSQLException: PreparedStatementCallback; uncategorized SQLException for SQL [SELECT no_article, nom_article, description, date_debut_encheres, date_fin_encheres, prix_initial, prix_vente, no_utilisateur, no_categorie, no_acheteur, etat_vente, imageUUID FROM ARTICLES_VENDUS WHERE date_fin_encheres < GETDATE() AND etat_vente = 2]; SQL state [S0002]; error code [208]; Nom d'objet 'ARTICLES_VENDUS' non valide.
	at org.springframework.jdbc.core.JdbcTemplate.translateException(JdbcTemplate.java:1549)
	at org.springframework.jdbc.core.JdbcTemplate.execute(JdbcTemplate.java:677)
	at org.springframework.jdbc.core.JdbcTemplate.query(JdbcTemplate.java:723)
	at org.springframework.jdbc.core.JdbcTemplate.query(JdbcTemplate.java:748)
	at org.springframework.jdbc.core.JdbcTemplate.query(JdbcTemplate.java:804)
	at org.springframework.jdbc.core.namedparam.NamedParameterJdbcTemplate.query(NamedParameterJdbcTemplate.java:218)
	at org.springframework.jdbc.core.namedparam.NamedParameterJdbcTemplate.query(NamedParameterJdbcTemplate.java:230)
	at fr.eni.tp.encheres.dal.ArticleDAOImpl.findArticleToUpdateToFinished(ArticleDAOImpl.java:237)
	at java.base/jdk.internal.reflect.DirectMethodHandleAccessor.invoke(DirectMethodHandleAccessor.java:103)
	at java.base/java.lang.reflect.Method.invoke(Method.java:580)
	at org.springframework.aop.support.AopUtils.invokeJoinpointUsingReflection(AopUtils.java:354)
	at org.springframework.aop.framework.ReflectiveMethodInvocation.invokeJoinpoint(ReflectiveMethodInvocation.java:196)
	at org.springframework.aop.framework.ReflectiveMethodInvocation.proceed(ReflectiveMethodInvocation.java:163)
	at org.springframework.aop.framework.CglibAopProxy$CglibMethodInvocation.proceed(CglibAopProxy.java:768)
	at org.springframework.dao.support.PersistenceExceptionTranslationInterceptor.invoke(PersistenceExceptionTranslationInterceptor.java:138)
	at org.springframework.aop.framework.ReflectiveMethodInvocation.proceed(ReflectiveMethodInvocation.java:184)
	at org.springframework.aop.framework.CglibAopProxy$CglibMethodInvocation.proceed(CglibAopProxy.java:768)
	at org.springframework.aop.framework.CglibAopProxy$DynamicAdvisedInterceptor.intercept(CglibAopProxy.java:720)
	at fr.eni.tp.encheres.dal.ArticleDAOImpl$$SpringCGLIB$$0.findArticleToUpdateToFinished(<generated>)
	at fr.eni.tp.encheres.scheduler.ArticleWatcher.updateArticleState(ArticleWatcher.java:39)
	at java.base/jdk.internal.reflect.DirectMethodHandleAccessor.invoke(DirectMethodHandleAccessor.java:103)
	at java.base/java.lang.reflect.Method.invoke(Method.java:580)
	at org.springframework.scheduling.support.ScheduledMethodRunnable.runInternal(ScheduledMethodRunnable.java:130)
	at org.springframework.scheduling.support.ScheduledMethodRunnable.lambda$run$2(ScheduledMethodRunnable.java:124)
	at io.micrometer.observation.Observation.observe(Observation.java:499)
	at org.springframework.scheduling.support.ScheduledMethodRunnable.run(ScheduledMethodRunnable.java:124)
	at org.springframework.scheduling.support.DelegatingErrorHandlingRunnable.run(DelegatingErrorHandlingRunnable.java:54)
	at org.springframework.scheduling.concurrent.ReschedulingRunnable.run(ReschedulingRunnable.java:96)
	at java.base/java.util.concurrent.Executors$RunnableAdapter.call(Executors.java:572)
	at java.base/java.util.concurrent.FutureTask.run(FutureTask.java:317)
	at java.base/java.util.concurrent.ScheduledThreadPoolExecutor$ScheduledFutureTask.run(ScheduledThreadPoolExecutor.java:304)
	at java.base/java.util.concurrent.ThreadPoolExecutor.runWorker(ThreadPoolExecutor.java:1144)
	at java.base/java.util.concurrent.ThreadPoolExecutor$Worker.run(ThreadPoolExecutor.java:642)
	at java.base/java.lang.Thread.run(Thread.java:1583)
Caused by: com.microsoft.sqlserver.jdbc.SQLServerException: Nom d'objet 'ARTICLES_VENDUS' non valide.
	at com.microsoft.sqlserver.jdbc.SQLServerException.makeFromDatabaseError(SQLServerException.java:261)
	at com.microsoft.sqlserver.jdbc.SQLServerStatement.getNextResult(SQLServerStatement.java:1752)
	at com.microsoft.sqlserver.jdbc.SQLServerPreparedStatement.doExecutePreparedStatement(SQLServerPreparedStatement.java:686)
	at com.microsoft.sqlserver.jdbc.SQLServerPreparedStatement$PrepStmtExecCmd.doExecute(SQLServerPreparedStatement.java:605)
	at com.microsoft.sqlserver.jdbc.TDSCommand.execute(IOBuffer.java:7748)
	at com.microsoft.sqlserver.jdbc.SQLServerConnection.executeCommand(SQLServerConnection.java:4410)
	at com.microsoft.sqlserver.jdbc.SQLServerStatement.executeCommand(SQLServerStatement.java:293)
	at com.microsoft.sqlserver.jdbc.SQLServerStatement.executeStatement(SQLServerStatement.java:263)
	at com.microsoft.sqlserver.jdbc.SQLServerPreparedStatement.executeQuery(SQLServerPreparedStatement.java:520)
	at com.zaxxer.hikari.pool.ProxyPreparedStatement.executeQuery(ProxyPreparedStatement.java:52)
	at com.zaxxer.hikari.pool.HikariProxyPreparedStatement.executeQuery(HikariProxyPreparedStatement.java)
	at org.springframework.jdbc.core.JdbcTemplate$1.doInPreparedStatement(JdbcTemplate.java:732)
	at org.springframework.jdbc.core.JdbcTemplate.execute(JdbcTemplate.java:658)
	... 32 common frames omitted
10/07/2024 17:10:00.009 [scheduling-1] INFO  f.e.t.e.scheduler.ArticleWatcher - Méthode updateArticleState
10/07/2024 17:10:00.009 [scheduling-1] INFO  f.eni.tp.encheres.dal.ArticleDAOImpl - Méthode findArticleToUpdateToFinished
10/07/2024 17:10:00.024 [scheduling-1] INFO  f.eni.tp.encheres.dal.ArticleDAOImpl - Méthode findArticleToUpdateToStarted
10/07/2024 17:10:53.931 [RMI TCP Connection(7)-127.0.0.1] INFO  o.s.b.a.SpringApplicationAdminMXBeanRegistrar$SpringApplicationAdmin - Application shutdown requested.
10/07/2024 17:10:53.934 [RMI TCP Connection(7)-127.0.0.1] INFO  o.a.coyote.http11.Http11NioProtocol - Stopping ProtocolHandler ["http-nio-8080"]
10/07/2024 17:10:53.945 [RMI TCP Connection(7)-127.0.0.1] INFO  o.s.o.j.LocalContainerEntityManagerFactoryBean - Closing JPA EntityManagerFactory for persistence unit 'default'
10/07/2024 17:10:53.948 [RMI TCP Connection(7)-127.0.0.1] INFO  com.zaxxer.hikari.HikariDataSource - HikariPool-1 - Shutdown initiated...
10/07/2024 17:10:53.949 [RMI TCP Connection(7)-127.0.0.1] INFO  com.zaxxer.hikari.HikariDataSource - HikariPool-1 - Shutdown completed.
10/07/2024 17:11:04.807 [background-preinit] INFO  o.h.validator.internal.util.Version - HV000001: Hibernate Validator 8.0.1.Final
10/07/2024 17:11:04.842 [restartedMain] INFO  f.e.t.e.EniEncheresApplication - Starting EniEncheresApplication using Java 21.0.3 with PID 17444 (C:\Users\ameam\Documents\ENI\10_ENCHERES\ENI_Encheres\bin\main started by ameam in C:\Users\ameam\Documents\ENI\10_ENCHERES\ENI_Encheres)
10/07/2024 17:11:04.843 [restartedMain] INFO  f.e.t.e.EniEncheresApplication - No active profile set, falling back to 1 default profile: "default"
10/07/2024 17:11:04.881 [restartedMain] INFO  o.s.b.d.e.DevToolsPropertyDefaultsPostProcessor - Devtools property defaults active! Set 'spring.devtools.add-properties' to 'false' to disable
10/07/2024 17:11:04.881 [restartedMain] INFO  o.s.b.d.e.DevToolsPropertyDefaultsPostProcessor - For additional web related logging consider setting the 'logging.level.web' property to 'DEBUG'
10/07/2024 17:11:05.507 [restartedMain] INFO  o.s.d.r.c.RepositoryConfigurationDelegate - Bootstrapping Spring Data JPA repositories in DEFAULT mode.
10/07/2024 17:11:05.530 [restartedMain] INFO  o.s.d.r.c.RepositoryConfigurationDelegate - Finished Spring Data repository scanning in 17 ms. Found 0 JPA repository interfaces.
10/07/2024 17:11:05.834 [restartedMain] INFO  f.e.t.e.c.i.MessageConfig - Méthode messageSource
10/07/2024 17:11:06.045 [restartedMain] INFO  o.s.b.w.e.tomcat.TomcatWebServer - Tomcat initialized with port 8080 (http)
10/07/2024 17:11:06.054 [restartedMain] INFO  o.a.coyote.http11.Http11NioProtocol - Initializing ProtocolHandler ["http-nio-8080"]
10/07/2024 17:11:06.056 [restartedMain] INFO  o.a.catalina.core.StandardService - Starting service [Tomcat]
10/07/2024 17:11:06.056 [restartedMain] INFO  o.a.catalina.core.StandardEngine - Starting Servlet engine: [Apache Tomcat/10.1.25]
10/07/2024 17:11:06.119 [restartedMain] INFO  o.a.c.c.C.[Tomcat].[localhost].[/] - Initializing Spring embedded WebApplicationContext
10/07/2024 17:11:06.119 [restartedMain] INFO  o.s.b.w.s.c.ServletWebServerApplicationContext - Root WebApplicationContext: initialization completed in 1238 ms
10/07/2024 17:11:06.282 [restartedMain] INFO  com.zaxxer.hikari.HikariDataSource - HikariPool-1 - Starting...
10/07/2024 17:11:06.566 [restartedMain] INFO  com.zaxxer.hikari.pool.HikariPool - HikariPool-1 - Added connection ConnectionID:1 ClientConnectionId: 4c85c383-dc96-4b51-b192-35a071973fff
10/07/2024 17:11:06.568 [restartedMain] INFO  com.zaxxer.hikari.HikariDataSource - HikariPool-1 - Start completed.
10/07/2024 17:11:06.605 [restartedMain] INFO  o.h.jpa.internal.util.LogHelper - HHH000204: Processing PersistenceUnitInfo [name: default]
10/07/2024 17:11:06.664 [restartedMain] INFO  org.hibernate.Version - HHH000412: Hibernate ORM core version 6.5.2.Final
10/07/2024 17:11:06.695 [restartedMain] INFO  o.h.c.i.RegionFactoryInitiator - HHH000026: Second-level cache disabled
10/07/2024 17:11:06.996 [restartedMain] INFO  o.s.o.j.p.SpringPersistenceUnitInfo - No LoadTimeWeaver setup: ignoring JPA class transformer
10/07/2024 17:11:07.384 [restartedMain] INFO  o.h.e.t.j.p.i.JtaPlatformInitiator - HHH000489: No JTA platform available (set 'hibernate.transaction.jta.platform' to enable JTA platform integration)
10/07/2024 17:11:07.390 [restartedMain] INFO  o.s.o.j.LocalContainerEntityManagerFactoryBean - Initialized JPA EntityManagerFactory for persistence unit 'default'
10/07/2024 17:11:07.477 [restartedMain] INFO  f.e.t.e.c.security.SecurityConfig - Méthode passwordEncoder
10/07/2024 17:11:07.520 [restartedMain] INFO  f.e.t.e.c.i.MessageConfig - Méthode localResolver
10/07/2024 17:11:07.522 [restartedMain] INFO  f.e.t.e.c.i.MessageConfig - Méthode localeChangeInterceptor
10/07/2024 17:11:07.562 [restartedMain] WARN  o.s.b.a.o.j.JpaBaseConfiguration$JpaWebConfiguration - spring.jpa.open-in-view is enabled by default. Therefore, database queries may be performed during view rendering. Explicitly configure spring.jpa.open-in-view to disable this warning
10/07/2024 17:11:07.582 [restartedMain] INFO  o.s.s.c.a.a.c.InitializeUserDetailsBeanManagerConfigurer$InitializeUserDetailsManagerConfigurer - Global AuthenticationManager configured with UserDetailsService bean with name customerUserDetailService
10/07/2024 17:11:07.647 [restartedMain] INFO  o.s.b.a.w.s.WelcomePageHandlerMapping - Adding welcome page template: index
10/07/2024 17:11:07.650 [restartedMain] INFO  f.e.t.e.c.i.MessageConfig - Méthode addInterceptors
10/07/2024 17:11:07.800 [restartedMain] INFO  f.e.t.e.c.security.SecurityConfig - Méthode web
10/07/2024 17:11:08.111 [restartedMain] INFO  o.s.b.d.a.OptionalLiveReloadServer - LiveReload server is running on port 35729
10/07/2024 17:11:08.129 [restartedMain] INFO  o.a.coyote.http11.Http11NioProtocol - Starting ProtocolHandler ["http-nio-8080"]
10/07/2024 17:11:08.144 [restartedMain] INFO  o.s.b.w.e.tomcat.TomcatWebServer - Tomcat started on port 8080 (http) with context path '/'
10/07/2024 17:11:08.155 [restartedMain] INFO  f.e.t.e.EniEncheresApplication - Started EniEncheresApplication in 3.727 seconds (process running for 4.444)
10/07/2024 17:11:22.233 [http-nio-8080-exec-1] INFO  o.a.c.c.C.[Tomcat].[localhost].[/] - Initializing Spring DispatcherServlet 'dispatcherServlet'
10/07/2024 17:11:22.233 [http-nio-8080-exec-1] INFO  o.s.web.servlet.DispatcherServlet - Initializing Servlet 'dispatcherServlet'
10/07/2024 17:11:22.234 [http-nio-8080-exec-1] INFO  o.s.web.servlet.DispatcherServlet - Completed initialization in 1 ms
10/07/2024 17:11:22.300 [http-nio-8080-exec-1] INFO  f.e.t.e.controller.LoginController - Méthode addUserSession
10/07/2024 17:11:22.300 [http-nio-8080-exec-1] INFO  f.e.t.e.controller.LoginController - Méthode redirectToAuctions
10/07/2024 17:11:22.338 [http-nio-8080-exec-2] INFO  f.e.t.e.controller.LoginController - création du ModelAttribute research
10/07/2024 17:11:22.339 [http-nio-8080-exec-2] INFO  f.e.t.e.controller.LoginController - création du ModelAttribute categoriesSession
10/07/2024 17:11:22.339 [http-nio-8080-exec-2] INFO  f.e.t.e.bll.AuctionServiceImpl - méthode findCategories
10/07/2024 17:11:22.341 [http-nio-8080-exec-2] INFO  f.e.tp.encheres.dal.CategoryDAOImpl - Méthode findAll
10/07/2024 17:11:22.397 [http-nio-8080-exec-2] INFO  f.e.t.e.controller.LoginController - Méthode showAuctionsPage
10/07/2024 17:11:22.398 [http-nio-8080-exec-2] INFO  f.e.t.e.bll.AuctionServiceImpl - méthode selectArticles
10/07/2024 17:11:22.399 [http-nio-8080-exec-2] INFO  f.eni.tp.encheres.dal.ArticleDAOImpl - Méthode findWithFilters
10/07/2024 17:11:22.399 [http-nio-8080-exec-2] INFO  f.eni.tp.encheres.dal.ArticleDAOImpl - Méthode mapToSQLCondition
10/07/2024 17:11:22.413 [http-nio-8080-exec-2] INFO  f.e.tp.encheres.dal.CategoryDAOImpl - Méthode readByInt
10/07/2024 17:11:22.421 [http-nio-8080-exec-2] INFO  f.e.t.e.dal.PickUpLocationDAOImpl - Méthode findByArticleId
10/07/2024 17:11:22.426 [http-nio-8080-exec-2] INFO  fr.eni.tp.encheres.dal.UserDAOImpl - Méthode readById
10/07/2024 17:11:22.430 [http-nio-8080-exec-2] INFO  fr.eni.tp.encheres.dal.UserDAOImpl - Méthode readById
10/07/2024 17:11:22.432 [http-nio-8080-exec-2] INFO  f.e.tp.encheres.dal.CategoryDAOImpl - Méthode readByInt
10/07/2024 17:11:22.432 [http-nio-8080-exec-2] INFO  f.e.t.e.dal.PickUpLocationDAOImpl - Méthode findByArticleId
10/07/2024 17:11:22.433 [http-nio-8080-exec-2] INFO  fr.eni.tp.encheres.dal.UserDAOImpl - Méthode readById
10/07/2024 17:11:22.433 [http-nio-8080-exec-2] INFO  fr.eni.tp.encheres.dal.UserDAOImpl - Méthode readById
10/07/2024 17:11:22.437 [http-nio-8080-exec-2] INFO  f.e.t.e.controller.LoginController - id utilisateur connecté : 0 affichage des enchères selon critères : SearchCriteria [wordToFind=, radioButton=purchases, category=Category [categoryId=0, label=null, articles=[]], filters={notstarted=false, current=false, won=false, finished=false, open=true, currentVente=false}] - nombre total de pages : 1
10/07/2024 17:11:22.721 [http-nio-8080-exec-2] INFO  f.e.t.e.bll.AuctionServiceImpl - méthode findCategoryById
10/07/2024 17:11:22.721 [http-nio-8080-exec-2] INFO  f.e.tp.encheres.dal.CategoryDAOImpl - Méthode readByInt
10/07/2024 17:11:22.723 [http-nio-8080-exec-2] INFO  f.e.t.e.bll.AuctionServiceImpl - méthode findCategoryById
10/07/2024 17:11:22.723 [http-nio-8080-exec-2] INFO  f.e.tp.encheres.dal.CategoryDAOImpl - Méthode readByInt
10/07/2024 17:11:22.724 [http-nio-8080-exec-2] INFO  f.e.t.e.bll.AuctionServiceImpl - méthode findCategoryById
10/07/2024 17:11:22.724 [http-nio-8080-exec-2] INFO  f.e.tp.encheres.dal.CategoryDAOImpl - Méthode readByInt
10/07/2024 17:11:22.725 [http-nio-8080-exec-2] INFO  f.e.t.e.bll.AuctionServiceImpl - méthode findCategoryById
10/07/2024 17:11:22.726 [http-nio-8080-exec-2] INFO  f.e.tp.encheres.dal.CategoryDAOImpl - Méthode readByInt
10/07/2024 17:11:22.727 [http-nio-8080-exec-2] INFO  f.e.t.e.bll.AuctionServiceImpl - méthode findCategoryById
10/07/2024 17:11:22.727 [http-nio-8080-exec-2] INFO  f.e.tp.encheres.dal.CategoryDAOImpl - Méthode readByInt
10/07/2024 17:11:22.728 [http-nio-8080-exec-2] INFO  f.e.t.e.bll.AuctionServiceImpl - méthode findCategoryById
10/07/2024 17:11:22.728 [http-nio-8080-exec-2] INFO  f.e.tp.encheres.dal.CategoryDAOImpl - Méthode readByInt
10/07/2024 17:11:22.729 [http-nio-8080-exec-2] INFO  f.e.t.e.bll.AuctionServiceImpl - méthode findCategoryById
10/07/2024 17:11:22.729 [http-nio-8080-exec-2] INFO  f.e.tp.encheres.dal.CategoryDAOImpl - Méthode readByInt
10/07/2024 17:11:22.855 [http-nio-8080-exec-7] INFO  f.e.t.e.controller.LoginController - Méthode showLoginForm
10/07/2024 17:11:23.874 [http-nio-8080-exec-9] INFO  f.e.t.e.controller.LoginController - Méthode showLoginForm
10/07/2024 17:11:28.378 [http-nio-8080-exec-4] INFO  f.e.t.e.controller.LoginController - Méthode showSignupPage
10/07/2024 17:11:57.109 [http-nio-8080-exec-7] INFO  f.e.t.e.controller.LoginController - Méthode processSignup
10/07/2024 17:11:57.120 [http-nio-8080-exec-7] INFO  f.e.tp.encheres.bll.UserServiceImpl - Méthode createAccount
10/07/2024 17:11:57.120 [http-nio-8080-exec-7] INFO  f.e.tp.encheres.bll.UserServiceImpl - Méthode checkPassword
10/07/2024 17:11:57.120 [http-nio-8080-exec-7] INFO  f.e.tp.encheres.bll.UserServiceImpl - Méthode checkPseudoAvailable
10/07/2024 17:11:57.121 [http-nio-8080-exec-7] INFO  fr.eni.tp.encheres.dal.UserDAOImpl - Méthode countPseudo
10/07/2024 17:11:57.133 [http-nio-8080-exec-7] INFO  f.e.tp.encheres.bll.UserServiceImpl - Méthode checkEmailAvailable
10/07/2024 17:11:57.134 [http-nio-8080-exec-7] INFO  fr.eni.tp.encheres.dal.UserDAOImpl - Méthode countEmail
10/07/2024 17:11:57.210 [http-nio-8080-exec-7] INFO  fr.eni.tp.encheres.dal.UserDAOImpl - Méthode create
10/07/2024 17:11:57.218 [http-nio-8080-exec-7] INFO  f.e.tp.encheres.bll.UserServiceImpl - Méthode getUserByEmail
10/07/2024 17:11:57.218 [http-nio-8080-exec-7] INFO  fr.eni.tp.encheres.dal.UserDAOImpl - Méthode readByEmail
10/07/2024 17:11:57.223 [http-nio-8080-exec-7] INFO  f.e.t.e.controller.LoginController - inscription nouvel utilisateur - userId : 6
10/07/2024 17:11:57.233 [http-nio-8080-exec-8] INFO  f.e.t.e.controller.LoginController - Méthode showLoginForm
10/07/2024 17:12:00.009 [scheduling-1] INFO  f.e.t.e.scheduler.ArticleWatcher - Méthode updateArticleState
10/07/2024 17:12:00.010 [scheduling-1] INFO  f.eni.tp.encheres.dal.ArticleDAOImpl - Méthode findArticleToUpdateToFinished
10/07/2024 17:12:00.014 [scheduling-1] INFO  f.eni.tp.encheres.dal.ArticleDAOImpl - Méthode findArticleToUpdateToStarted
10/07/2024 17:12:47.012 [http-nio-8080-exec-3] INFO  f.e.t.e.b.CustomerUserDetailService - Méthode loadUserByUsername
10/07/2024 17:12:47.013 [http-nio-8080-exec-3] INFO  f.e.t.e.b.CustomerUserDetailService - login avec le pseudo
10/07/2024 17:12:47.013 [http-nio-8080-exec-3] INFO  fr.eni.tp.encheres.dal.UserDAOImpl - Méthode readByPseudo
10/07/2024 17:12:47.103 [http-nio-8080-exec-6] INFO  f.e.t.e.controller.LoginController - Méthode fillUserSession
10/07/2024 17:12:47.103 [http-nio-8080-exec-6] INFO  f.e.tp.encheres.bll.UserServiceImpl - Méthode getUserByEmail
10/07/2024 17:12:47.103 [http-nio-8080-exec-6] INFO  fr.eni.tp.encheres.dal.UserDAOImpl - Méthode readByEmail
10/07/2024 17:12:47.105 [http-nio-8080-exec-6] INFO  f.e.tp.encheres.bll.UserServiceImpl - Méthode fillUserAttributes
10/07/2024 17:12:47.105 [http-nio-8080-exec-6] INFO  f.e.t.e.controller.LoginController - idUser mis en session : 6
10/07/2024 17:12:47.120 [http-nio-8080-exec-7] INFO  f.e.t.e.controller.LoginController - Méthode showAuctionsPage
10/07/2024 17:12:47.120 [http-nio-8080-exec-7] INFO  f.e.t.e.bll.AuctionServiceImpl - méthode selectArticles
10/07/2024 17:12:47.120 [http-nio-8080-exec-7] INFO  f.eni.tp.encheres.dal.ArticleDAOImpl - Méthode findWithFilters
10/07/2024 17:12:47.120 [http-nio-8080-exec-7] INFO  f.eni.tp.encheres.dal.ArticleDAOImpl - Méthode mapToSQLCondition
10/07/2024 17:12:47.124 [http-nio-8080-exec-7] INFO  f.e.tp.encheres.dal.CategoryDAOImpl - Méthode readByInt
10/07/2024 17:12:47.134 [http-nio-8080-exec-7] INFO  f.e.t.e.dal.PickUpLocationDAOImpl - Méthode findByArticleId
10/07/2024 17:12:47.136 [http-nio-8080-exec-7] INFO  fr.eni.tp.encheres.dal.UserDAOImpl - Méthode readById
10/07/2024 17:12:47.137 [http-nio-8080-exec-7] INFO  fr.eni.tp.encheres.dal.UserDAOImpl - Méthode readById
10/07/2024 17:12:47.138 [http-nio-8080-exec-7] INFO  f.e.tp.encheres.dal.CategoryDAOImpl - Méthode readByInt
10/07/2024 17:12:47.138 [http-nio-8080-exec-7] INFO  f.e.t.e.dal.PickUpLocationDAOImpl - Méthode findByArticleId
10/07/2024 17:12:47.139 [http-nio-8080-exec-7] INFO  fr.eni.tp.encheres.dal.UserDAOImpl - Méthode readById
10/07/2024 17:12:47.139 [http-nio-8080-exec-7] INFO  fr.eni.tp.encheres.dal.UserDAOImpl - Méthode readById
10/07/2024 17:12:47.140 [http-nio-8080-exec-7] INFO  f.e.t.e.controller.LoginController - id utilisateur connecté : 6 affichage des enchères selon critères : SearchCriteria [wordToFind=, radioButton=purchases, category=Category [categoryId=0, label=null, articles=[]], filters={notstarted=false, current=false, won=false, finished=false, open=true, currentVente=false}] - nombre total de pages : 1
10/07/2024 17:12:47.145 [http-nio-8080-exec-7] INFO  f.e.t.e.bll.AuctionServiceImpl - méthode findCategoryById
10/07/2024 17:12:47.145 [http-nio-8080-exec-7] INFO  f.e.tp.encheres.dal.CategoryDAOImpl - Méthode readByInt
10/07/2024 17:12:47.147 [http-nio-8080-exec-7] INFO  f.e.t.e.bll.AuctionServiceImpl - méthode findCategoryById
10/07/2024 17:12:47.147 [http-nio-8080-exec-7] INFO  f.e.tp.encheres.dal.CategoryDAOImpl - Méthode readByInt
10/07/2024 17:12:47.148 [http-nio-8080-exec-7] INFO  f.e.t.e.bll.AuctionServiceImpl - méthode findCategoryById
10/07/2024 17:12:47.148 [http-nio-8080-exec-7] INFO  f.e.tp.encheres.dal.CategoryDAOImpl - Méthode readByInt
10/07/2024 17:12:47.149 [http-nio-8080-exec-7] INFO  f.e.t.e.bll.AuctionServiceImpl - méthode findCategoryById
10/07/2024 17:12:47.149 [http-nio-8080-exec-7] INFO  f.e.tp.encheres.dal.CategoryDAOImpl - Méthode readByInt
10/07/2024 17:12:47.150 [http-nio-8080-exec-7] INFO  f.e.t.e.bll.AuctionServiceImpl - méthode findCategoryById
10/07/2024 17:12:47.150 [http-nio-8080-exec-7] INFO  f.e.tp.encheres.dal.CategoryDAOImpl - Méthode readByInt
10/07/2024 17:12:47.151 [http-nio-8080-exec-7] INFO  f.e.t.e.bll.AuctionServiceImpl - méthode findCategoryById
10/07/2024 17:12:47.151 [http-nio-8080-exec-7] INFO  f.e.tp.encheres.dal.CategoryDAOImpl - Méthode readByInt
10/07/2024 17:12:47.152 [http-nio-8080-exec-7] INFO  f.e.t.e.bll.AuctionServiceImpl - méthode findCategoryById
10/07/2024 17:12:47.152 [http-nio-8080-exec-7] INFO  f.e.tp.encheres.dal.CategoryDAOImpl - Méthode readByInt
10/07/2024 17:12:48.746 [http-nio-8080-exec-2] INFO  f.e.t.e.controller.LoginController - Méthode showProfilPage
10/07/2024 17:12:48.747 [http-nio-8080-exec-2] INFO  f.e.tp.encheres.bll.UserServiceImpl - Méthode getUserById
10/07/2024 17:12:48.747 [http-nio-8080-exec-2] INFO  fr.eni.tp.encheres.dal.UserDAOImpl - Méthode readById
10/07/2024 17:12:48.748 [http-nio-8080-exec-2] INFO  f.e.tp.encheres.bll.UserServiceImpl - Méthode fillUserAttributes
10/07/2024 17:12:48.749 [http-nio-8080-exec-2] INFO  f.e.t.e.controller.LoginController - affichage profil - userId : 6
10/07/2024 17:12:49.870 [http-nio-8080-exec-6] INFO  f.e.t.e.controller.LoginController - Méthode showArticleCreation en Get
10/07/2024 17:12:49.871 [http-nio-8080-exec-6] INFO  f.e.t.e.controller.LoginController - id utilisateur connecté : 6 - affichage du formulaire de création d'article
10/07/2024 17:12:50.569 [http-nio-8080-exec-2] INFO  f.e.t.e.controller.LoginController - Méthode showAuctionsPage
10/07/2024 17:12:50.569 [http-nio-8080-exec-2] INFO  f.e.t.e.bll.AuctionServiceImpl - méthode selectArticles
10/07/2024 17:12:50.569 [http-nio-8080-exec-2] INFO  f.eni.tp.encheres.dal.ArticleDAOImpl - Méthode findWithFilters
10/07/2024 17:12:50.569 [http-nio-8080-exec-2] INFO  f.eni.tp.encheres.dal.ArticleDAOImpl - Méthode mapToSQLCondition
10/07/2024 17:12:50.570 [http-nio-8080-exec-2] INFO  f.e.tp.encheres.dal.CategoryDAOImpl - Méthode readByInt
10/07/2024 17:12:50.571 [http-nio-8080-exec-2] INFO  f.e.t.e.dal.PickUpLocationDAOImpl - Méthode findByArticleId
10/07/2024 17:12:50.571 [http-nio-8080-exec-2] INFO  fr.eni.tp.encheres.dal.UserDAOImpl - Méthode readById
10/07/2024 17:12:50.572 [http-nio-8080-exec-2] INFO  fr.eni.tp.encheres.dal.UserDAOImpl - Méthode readById
10/07/2024 17:12:50.572 [http-nio-8080-exec-2] INFO  f.e.tp.encheres.dal.CategoryDAOImpl - Méthode readByInt
10/07/2024 17:12:50.573 [http-nio-8080-exec-2] INFO  f.e.t.e.dal.PickUpLocationDAOImpl - Méthode findByArticleId
10/07/2024 17:12:50.573 [http-nio-8080-exec-2] INFO  fr.eni.tp.encheres.dal.UserDAOImpl - Méthode readById
10/07/2024 17:12:50.573 [http-nio-8080-exec-2] INFO  fr.eni.tp.encheres.dal.UserDAOImpl - Méthode readById
10/07/2024 17:12:50.574 [http-nio-8080-exec-2] INFO  f.e.t.e.controller.LoginController - id utilisateur connecté : 6 affichage des enchères selon critères : SearchCriteria [wordToFind=, radioButton=purchases, category=Category [categoryId=0, label=null, articles=[]], filters={notstarted=false, current=false, won=false, finished=false, open=true, currentVente=false}] - nombre total de pages : 1
10/07/2024 17:12:50.578 [http-nio-8080-exec-2] INFO  f.e.t.e.bll.AuctionServiceImpl - méthode findCategoryById
10/07/2024 17:12:50.578 [http-nio-8080-exec-2] INFO  f.e.tp.encheres.dal.CategoryDAOImpl - Méthode readByInt
10/07/2024 17:12:50.580 [http-nio-8080-exec-2] INFO  f.e.t.e.bll.AuctionServiceImpl - méthode findCategoryById
10/07/2024 17:12:50.580 [http-nio-8080-exec-2] INFO  f.e.tp.encheres.dal.CategoryDAOImpl - Méthode readByInt
10/07/2024 17:12:50.581 [http-nio-8080-exec-2] INFO  f.e.t.e.bll.AuctionServiceImpl - méthode findCategoryById
10/07/2024 17:12:50.581 [http-nio-8080-exec-2] INFO  f.e.tp.encheres.dal.CategoryDAOImpl - Méthode readByInt
10/07/2024 17:12:50.582 [http-nio-8080-exec-2] INFO  f.e.t.e.bll.AuctionServiceImpl - méthode findCategoryById
10/07/2024 17:12:50.582 [http-nio-8080-exec-2] INFO  f.e.tp.encheres.dal.CategoryDAOImpl - Méthode readByInt
10/07/2024 17:12:50.582 [http-nio-8080-exec-2] INFO  f.e.t.e.bll.AuctionServiceImpl - méthode findCategoryById
10/07/2024 17:12:50.582 [http-nio-8080-exec-2] INFO  f.e.tp.encheres.dal.CategoryDAOImpl - Méthode readByInt
10/07/2024 17:12:50.583 [http-nio-8080-exec-2] INFO  f.e.t.e.bll.AuctionServiceImpl - méthode findCategoryById
10/07/2024 17:12:50.583 [http-nio-8080-exec-2] INFO  f.e.tp.encheres.dal.CategoryDAOImpl - Méthode readByInt
10/07/2024 17:12:50.584 [http-nio-8080-exec-2] INFO  f.e.t.e.bll.AuctionServiceImpl - méthode findCategoryById
10/07/2024 17:12:50.584 [http-nio-8080-exec-2] INFO  f.e.tp.encheres.dal.CategoryDAOImpl - Méthode readByInt
10/07/2024 17:12:52.203 [http-nio-8080-exec-8] INFO  f.e.t.e.controller.LoginController - Méthode showAuctionsPage
10/07/2024 17:12:52.203 [http-nio-8080-exec-8] INFO  f.e.t.e.bll.AuctionServiceImpl - méthode selectArticles
10/07/2024 17:12:52.203 [http-nio-8080-exec-8] INFO  f.eni.tp.encheres.dal.ArticleDAOImpl - Méthode findWithFilters
10/07/2024 17:12:52.203 [http-nio-8080-exec-8] INFO  f.eni.tp.encheres.dal.ArticleDAOImpl - Méthode mapToSQLCondition
10/07/2024 17:12:52.204 [http-nio-8080-exec-8] INFO  f.e.tp.encheres.dal.CategoryDAOImpl - Méthode readByInt
10/07/2024 17:12:52.205 [http-nio-8080-exec-8] INFO  f.e.t.e.dal.PickUpLocationDAOImpl - Méthode findByArticleId
10/07/2024 17:12:52.205 [http-nio-8080-exec-8] INFO  fr.eni.tp.encheres.dal.UserDAOImpl - Méthode readById
10/07/2024 17:12:52.206 [http-nio-8080-exec-8] INFO  fr.eni.tp.encheres.dal.UserDAOImpl - Méthode readById
10/07/2024 17:12:52.206 [http-nio-8080-exec-8] INFO  f.e.tp.encheres.dal.CategoryDAOImpl - Méthode readByInt
10/07/2024 17:12:52.207 [http-nio-8080-exec-8] INFO  f.e.t.e.dal.PickUpLocationDAOImpl - Méthode findByArticleId
10/07/2024 17:12:52.207 [http-nio-8080-exec-8] INFO  fr.eni.tp.encheres.dal.UserDAOImpl - Méthode readById
10/07/2024 17:12:52.207 [http-nio-8080-exec-8] INFO  fr.eni.tp.encheres.dal.UserDAOImpl - Méthode readById
10/07/2024 17:12:52.208 [http-nio-8080-exec-8] INFO  f.e.t.e.controller.LoginController - id utilisateur connecté : 6 affichage des enchères selon critères : SearchCriteria [wordToFind=, radioButton=purchases, category=Category [categoryId=0, label=null, articles=[]], filters={notstarted=false, current=false, won=false, finished=false, open=true, currentVente=false}] - nombre total de pages : 1
10/07/2024 17:12:52.214 [http-nio-8080-exec-8] INFO  f.e.t.e.bll.AuctionServiceImpl - méthode findCategoryById
10/07/2024 17:12:52.214 [http-nio-8080-exec-8] INFO  f.e.tp.encheres.dal.CategoryDAOImpl - Méthode readByInt
10/07/2024 17:12:52.215 [http-nio-8080-exec-8] INFO  f.e.t.e.bll.AuctionServiceImpl - méthode findCategoryById
10/07/2024 17:12:52.215 [http-nio-8080-exec-8] INFO  f.e.tp.encheres.dal.CategoryDAOImpl - Méthode readByInt
10/07/2024 17:12:52.216 [http-nio-8080-exec-8] INFO  f.e.t.e.bll.AuctionServiceImpl - méthode findCategoryById
10/07/2024 17:12:52.216 [http-nio-8080-exec-8] INFO  f.e.tp.encheres.dal.CategoryDAOImpl - Méthode readByInt
10/07/2024 17:12:52.217 [http-nio-8080-exec-8] INFO  f.e.t.e.bll.AuctionServiceImpl - méthode findCategoryById
10/07/2024 17:12:52.217 [http-nio-8080-exec-8] INFO  f.e.tp.encheres.dal.CategoryDAOImpl - Méthode readByInt
10/07/2024 17:12:52.218 [http-nio-8080-exec-8] INFO  f.e.t.e.bll.AuctionServiceImpl - méthode findCategoryById
10/07/2024 17:12:52.218 [http-nio-8080-exec-8] INFO  f.e.tp.encheres.dal.CategoryDAOImpl - Méthode readByInt
10/07/2024 17:12:52.219 [http-nio-8080-exec-8] INFO  f.e.t.e.bll.AuctionServiceImpl - méthode findCategoryById
10/07/2024 17:12:52.219 [http-nio-8080-exec-8] INFO  f.e.tp.encheres.dal.CategoryDAOImpl - Méthode readByInt
10/07/2024 17:12:52.219 [http-nio-8080-exec-8] INFO  f.e.t.e.bll.AuctionServiceImpl - méthode findCategoryById
10/07/2024 17:12:52.219 [http-nio-8080-exec-8] INFO  f.e.tp.encheres.dal.CategoryDAOImpl - Méthode readByInt
10/07/2024 17:12:52.991 [http-nio-8080-exec-2] INFO  f.e.t.e.controller.LoginController - Méthode showAuctionsPage
10/07/2024 17:12:52.991 [http-nio-8080-exec-2] INFO  f.e.t.e.bll.AuctionServiceImpl - méthode selectArticles
10/07/2024 17:12:52.991 [http-nio-8080-exec-2] INFO  f.eni.tp.encheres.dal.ArticleDAOImpl - Méthode findWithFilters
10/07/2024 17:12:52.991 [http-nio-8080-exec-2] INFO  f.eni.tp.encheres.dal.ArticleDAOImpl - Méthode mapToSQLCondition
10/07/2024 17:12:52.992 [http-nio-8080-exec-2] INFO  f.e.tp.encheres.dal.CategoryDAOImpl - Méthode readByInt
10/07/2024 17:12:52.993 [http-nio-8080-exec-2] INFO  f.e.t.e.dal.PickUpLocationDAOImpl - Méthode findByArticleId
10/07/2024 17:12:52.994 [http-nio-8080-exec-2] INFO  fr.eni.tp.encheres.dal.UserDAOImpl - Méthode readById
10/07/2024 17:12:52.995 [http-nio-8080-exec-2] INFO  fr.eni.tp.encheres.dal.UserDAOImpl - Méthode readById
10/07/2024 17:12:52.996 [http-nio-8080-exec-2] INFO  f.e.tp.encheres.dal.CategoryDAOImpl - Méthode readByInt
10/07/2024 17:12:52.997 [http-nio-8080-exec-2] INFO  f.e.t.e.dal.PickUpLocationDAOImpl - Méthode findByArticleId
10/07/2024 17:12:52.998 [http-nio-8080-exec-2] INFO  fr.eni.tp.encheres.dal.UserDAOImpl - Méthode readById
10/07/2024 17:12:52.999 [http-nio-8080-exec-2] INFO  fr.eni.tp.encheres.dal.UserDAOImpl - Méthode readById
10/07/2024 17:12:53.000 [http-nio-8080-exec-2] INFO  f.e.t.e.controller.LoginController - id utilisateur connecté : 6 affichage des enchères selon critères : SearchCriteria [wordToFind=, radioButton=purchases, category=Category [categoryId=0, label=null, articles=[]], filters={notstarted=false, current=false, won=false, finished=false, open=true, currentVente=false}] - nombre total de pages : 1
10/07/2024 17:12:53.004 [http-nio-8080-exec-2] INFO  f.e.t.e.bll.AuctionServiceImpl - méthode findCategoryById
10/07/2024 17:12:53.004 [http-nio-8080-exec-2] INFO  f.e.tp.encheres.dal.CategoryDAOImpl - Méthode readByInt
10/07/2024 17:12:53.005 [http-nio-8080-exec-2] INFO  f.e.t.e.bll.AuctionServiceImpl - méthode findCategoryById
10/07/2024 17:12:53.005 [http-nio-8080-exec-2] INFO  f.e.tp.encheres.dal.CategoryDAOImpl - Méthode readByInt
10/07/2024 17:12:53.006 [http-nio-8080-exec-2] INFO  f.e.t.e.bll.AuctionServiceImpl - méthode findCategoryById
10/07/2024 17:12:53.006 [http-nio-8080-exec-2] INFO  f.e.tp.encheres.dal.CategoryDAOImpl - Méthode readByInt
10/07/2024 17:12:53.006 [http-nio-8080-exec-2] INFO  f.e.t.e.bll.AuctionServiceImpl - méthode findCategoryById
10/07/2024 17:12:53.006 [http-nio-8080-exec-2] INFO  f.e.tp.encheres.dal.CategoryDAOImpl - Méthode readByInt
10/07/2024 17:12:53.007 [http-nio-8080-exec-2] INFO  f.e.t.e.bll.AuctionServiceImpl - méthode findCategoryById
10/07/2024 17:12:53.007 [http-nio-8080-exec-2] INFO  f.e.tp.encheres.dal.CategoryDAOImpl - Méthode readByInt
10/07/2024 17:12:53.008 [http-nio-8080-exec-2] INFO  f.e.t.e.bll.AuctionServiceImpl - méthode findCategoryById
10/07/2024 17:12:53.008 [http-nio-8080-exec-2] INFO  f.e.tp.encheres.dal.CategoryDAOImpl - Méthode readByInt
10/07/2024 17:12:53.009 [http-nio-8080-exec-2] INFO  f.e.t.e.bll.AuctionServiceImpl - méthode findCategoryById
10/07/2024 17:12:53.009 [http-nio-8080-exec-2] INFO  f.e.tp.encheres.dal.CategoryDAOImpl - Méthode readByInt
10/07/2024 17:12:53.751 [http-nio-8080-exec-8] INFO  f.e.t.e.controller.LoginController - Méthode showAuctionsPage
10/07/2024 17:12:53.751 [http-nio-8080-exec-8] INFO  f.e.t.e.bll.AuctionServiceImpl - méthode selectArticles
10/07/2024 17:12:53.751 [http-nio-8080-exec-8] INFO  f.eni.tp.encheres.dal.ArticleDAOImpl - Méthode findWithFilters
10/07/2024 17:12:53.751 [http-nio-8080-exec-8] INFO  f.eni.tp.encheres.dal.ArticleDAOImpl - Méthode mapToSQLCondition
10/07/2024 17:12:53.752 [http-nio-8080-exec-8] INFO  f.e.tp.encheres.dal.CategoryDAOImpl - Méthode readByInt
10/07/2024 17:12:53.753 [http-nio-8080-exec-8] INFO  f.e.t.e.dal.PickUpLocationDAOImpl - Méthode findByArticleId
10/07/2024 17:12:53.753 [http-nio-8080-exec-8] INFO  fr.eni.tp.encheres.dal.UserDAOImpl - Méthode readById
10/07/2024 17:12:53.754 [http-nio-8080-exec-8] INFO  fr.eni.tp.encheres.dal.UserDAOImpl - Méthode readById
10/07/2024 17:12:53.754 [http-nio-8080-exec-8] INFO  f.e.tp.encheres.dal.CategoryDAOImpl - Méthode readByInt
10/07/2024 17:12:53.754 [http-nio-8080-exec-8] INFO  f.e.t.e.dal.PickUpLocationDAOImpl - Méthode findByArticleId
10/07/2024 17:12:53.755 [http-nio-8080-exec-8] INFO  fr.eni.tp.encheres.dal.UserDAOImpl - Méthode readById
10/07/2024 17:12:53.755 [http-nio-8080-exec-8] INFO  fr.eni.tp.encheres.dal.UserDAOImpl - Méthode readById
10/07/2024 17:12:53.756 [http-nio-8080-exec-8] INFO  f.e.t.e.controller.LoginController - id utilisateur connecté : 6 affichage des enchères selon critères : SearchCriteria [wordToFind=, radioButton=purchases, category=Category [categoryId=0, label=null, articles=[]], filters={notstarted=false, current=false, won=false, finished=false, open=true, currentVente=false}] - nombre total de pages : 1
10/07/2024 17:12:53.759 [http-nio-8080-exec-8] INFO  f.e.t.e.bll.AuctionServiceImpl - méthode findCategoryById
10/07/2024 17:12:53.759 [http-nio-8080-exec-8] INFO  f.e.tp.encheres.dal.CategoryDAOImpl - Méthode readByInt
10/07/2024 17:12:53.760 [http-nio-8080-exec-8] INFO  f.e.t.e.bll.AuctionServiceImpl - méthode findCategoryById
10/07/2024 17:12:53.760 [http-nio-8080-exec-8] INFO  f.e.tp.encheres.dal.CategoryDAOImpl - Méthode readByInt
10/07/2024 17:12:53.761 [http-nio-8080-exec-8] INFO  f.e.t.e.bll.AuctionServiceImpl - méthode findCategoryById
10/07/2024 17:12:53.761 [http-nio-8080-exec-8] INFO  f.e.tp.encheres.dal.CategoryDAOImpl - Méthode readByInt
10/07/2024 17:12:53.762 [http-nio-8080-exec-8] INFO  f.e.t.e.bll.AuctionServiceImpl - méthode findCategoryById
10/07/2024 17:12:53.762 [http-nio-8080-exec-8] INFO  f.e.tp.encheres.dal.CategoryDAOImpl - Méthode readByInt
10/07/2024 17:12:53.763 [http-nio-8080-exec-8] INFO  f.e.t.e.bll.AuctionServiceImpl - méthode findCategoryById
10/07/2024 17:12:53.763 [http-nio-8080-exec-8] INFO  f.e.tp.encheres.dal.CategoryDAOImpl - Méthode readByInt
10/07/2024 17:12:53.764 [http-nio-8080-exec-8] INFO  f.e.t.e.bll.AuctionServiceImpl - méthode findCategoryById
10/07/2024 17:12:53.764 [http-nio-8080-exec-8] INFO  f.e.tp.encheres.dal.CategoryDAOImpl - Méthode readByInt
10/07/2024 17:12:53.764 [http-nio-8080-exec-8] INFO  f.e.t.e.bll.AuctionServiceImpl - méthode findCategoryById
10/07/2024 17:12:53.764 [http-nio-8080-exec-8] INFO  f.e.tp.encheres.dal.CategoryDAOImpl - Méthode readByInt
10/07/2024 17:12:54.233 [http-nio-8080-exec-2] INFO  f.e.t.e.controller.LoginController - Méthode showAuctionsPage
10/07/2024 17:12:54.233 [http-nio-8080-exec-2] INFO  f.e.t.e.bll.AuctionServiceImpl - méthode selectArticles
10/07/2024 17:12:54.233 [http-nio-8080-exec-2] INFO  f.eni.tp.encheres.dal.ArticleDAOImpl - Méthode findWithFilters
10/07/2024 17:12:54.233 [http-nio-8080-exec-2] INFO  f.eni.tp.encheres.dal.ArticleDAOImpl - Méthode mapToSQLCondition
10/07/2024 17:12:54.234 [http-nio-8080-exec-2] INFO  f.e.tp.encheres.dal.CategoryDAOImpl - Méthode readByInt
10/07/2024 17:12:54.234 [http-nio-8080-exec-2] INFO  f.e.t.e.dal.PickUpLocationDAOImpl - Méthode findByArticleId
10/07/2024 17:12:54.235 [http-nio-8080-exec-2] INFO  fr.eni.tp.encheres.dal.UserDAOImpl - Méthode readById
10/07/2024 17:12:54.235 [http-nio-8080-exec-2] INFO  fr.eni.tp.encheres.dal.UserDAOImpl - Méthode readById
10/07/2024 17:12:54.236 [http-nio-8080-exec-2] INFO  f.e.tp.encheres.dal.CategoryDAOImpl - Méthode readByInt
10/07/2024 17:12:54.236 [http-nio-8080-exec-2] INFO  f.e.t.e.dal.PickUpLocationDAOImpl - Méthode findByArticleId
10/07/2024 17:12:54.237 [http-nio-8080-exec-2] INFO  fr.eni.tp.encheres.dal.UserDAOImpl - Méthode readById
10/07/2024 17:12:54.237 [http-nio-8080-exec-2] INFO  fr.eni.tp.encheres.dal.UserDAOImpl - Méthode readById
10/07/2024 17:12:54.238 [http-nio-8080-exec-2] INFO  f.e.t.e.controller.LoginController - id utilisateur connecté : 6 affichage des enchères selon critères : SearchCriteria [wordToFind=, radioButton=purchases, category=Category [categoryId=0, label=null, articles=[]], filters={notstarted=false, current=false, won=false, finished=false, open=true, currentVente=false}] - nombre total de pages : 1
10/07/2024 17:12:54.241 [http-nio-8080-exec-2] INFO  f.e.t.e.bll.AuctionServiceImpl - méthode findCategoryById
10/07/2024 17:12:54.241 [http-nio-8080-exec-2] INFO  f.e.tp.encheres.dal.CategoryDAOImpl - Méthode readByInt
10/07/2024 17:12:54.242 [http-nio-8080-exec-2] INFO  f.e.t.e.bll.AuctionServiceImpl - méthode findCategoryById
10/07/2024 17:12:54.242 [http-nio-8080-exec-2] INFO  f.e.tp.encheres.dal.CategoryDAOImpl - Méthode readByInt
10/07/2024 17:12:54.243 [http-nio-8080-exec-2] INFO  f.e.t.e.bll.AuctionServiceImpl - méthode findCategoryById
10/07/2024 17:12:54.243 [http-nio-8080-exec-2] INFO  f.e.tp.encheres.dal.CategoryDAOImpl - Méthode readByInt
10/07/2024 17:12:54.243 [http-nio-8080-exec-2] INFO  f.e.t.e.bll.AuctionServiceImpl - méthode findCategoryById
10/07/2024 17:12:54.243 [http-nio-8080-exec-2] INFO  f.e.tp.encheres.dal.CategoryDAOImpl - Méthode readByInt
10/07/2024 17:12:54.244 [http-nio-8080-exec-2] INFO  f.e.t.e.bll.AuctionServiceImpl - méthode findCategoryById
10/07/2024 17:12:54.244 [http-nio-8080-exec-2] INFO  f.e.tp.encheres.dal.CategoryDAOImpl - Méthode readByInt
10/07/2024 17:12:54.245 [http-nio-8080-exec-2] INFO  f.e.t.e.bll.AuctionServiceImpl - méthode findCategoryById
10/07/2024 17:12:54.245 [http-nio-8080-exec-2] INFO  f.e.tp.encheres.dal.CategoryDAOImpl - Méthode readByInt
10/07/2024 17:12:54.246 [http-nio-8080-exec-2] INFO  f.e.t.e.bll.AuctionServiceImpl - méthode findCategoryById
10/07/2024 17:12:54.246 [http-nio-8080-exec-2] INFO  f.e.tp.encheres.dal.CategoryDAOImpl - Méthode readByInt
10/07/2024 17:12:55.167 [http-nio-8080-exec-8] INFO  f.e.t.e.controller.LoginController - Méthode showArticleCreation en Get
10/07/2024 17:12:55.167 [http-nio-8080-exec-8] INFO  f.e.t.e.controller.LoginController - id utilisateur connecté : 6 - affichage du formulaire de création d'article
10/07/2024 17:12:56.455 [http-nio-8080-exec-2] INFO  f.e.t.e.controller.LoginController - Méthode showArticleCreation en Get
10/07/2024 17:12:56.455 [http-nio-8080-exec-2] INFO  f.e.t.e.controller.LoginController - id utilisateur connecté : 6 - affichage du formulaire de création d'article
10/07/2024 17:12:57.043 [http-nio-8080-exec-8] INFO  f.e.t.e.controller.LoginController - Méthode showArticleCreation en Get
10/07/2024 17:12:57.043 [http-nio-8080-exec-8] INFO  f.e.t.e.controller.LoginController - id utilisateur connecté : 6 - affichage du formulaire de création d'article
10/07/2024 17:13:00.001 [scheduling-1] INFO  f.e.t.e.scheduler.ArticleWatcher - Méthode updateArticleState
10/07/2024 17:13:00.001 [scheduling-1] INFO  f.eni.tp.encheres.dal.ArticleDAOImpl - Méthode findArticleToUpdateToFinished
10/07/2024 17:13:00.007 [scheduling-1] INFO  f.eni.tp.encheres.dal.ArticleDAOImpl - Méthode findArticleToUpdateToStarted
10/07/2024 17:13:00.862 [http-nio-8080-exec-2] INFO  f.e.t.e.controller.LoginController - Méthode showProfilPage
10/07/2024 17:13:00.862 [http-nio-8080-exec-2] INFO  f.e.tp.encheres.bll.UserServiceImpl - Méthode getUserById
10/07/2024 17:13:00.862 [http-nio-8080-exec-2] INFO  fr.eni.tp.encheres.dal.UserDAOImpl - Méthode readById
10/07/2024 17:13:00.871 [http-nio-8080-exec-2] INFO  f.e.tp.encheres.bll.UserServiceImpl - Méthode fillUserAttributes
10/07/2024 17:13:00.871 [http-nio-8080-exec-2] INFO  f.e.t.e.controller.LoginController - affichage profil - userId : 6
10/07/2024 17:13:03.865 [http-nio-8080-exec-8] INFO  f.e.t.e.controller.LoginController - Méthode addUserSession
10/07/2024 17:13:03.865 [http-nio-8080-exec-8] INFO  f.e.t.e.controller.LoginController - Méthode fillUserSession
10/07/2024 17:13:03.865 [http-nio-8080-exec-8] INFO  f.e.t.e.controller.LoginController - idUser mis en session : 0
10/07/2024 17:13:03.873 [http-nio-8080-exec-10] INFO  f.e.t.e.controller.LoginController - création du ModelAttribute research
10/07/2024 17:13:03.873 [http-nio-8080-exec-10] INFO  f.e.t.e.controller.LoginController - création du ModelAttribute categoriesSession
10/07/2024 17:13:03.873 [http-nio-8080-exec-10] INFO  f.e.t.e.bll.AuctionServiceImpl - méthode findCategories
10/07/2024 17:13:03.873 [http-nio-8080-exec-10] INFO  f.e.tp.encheres.dal.CategoryDAOImpl - Méthode findAll
10/07/2024 17:13:03.884 [http-nio-8080-exec-10] INFO  f.e.t.e.controller.LoginController - Méthode showAuctionsPage
10/07/2024 17:13:03.884 [http-nio-8080-exec-10] INFO  f.e.t.e.bll.AuctionServiceImpl - méthode selectArticles
10/07/2024 17:13:03.884 [http-nio-8080-exec-10] INFO  f.eni.tp.encheres.dal.ArticleDAOImpl - Méthode findWithFilters
10/07/2024 17:13:03.884 [http-nio-8080-exec-10] INFO  f.eni.tp.encheres.dal.ArticleDAOImpl - Méthode mapToSQLCondition
10/07/2024 17:13:03.889 [http-nio-8080-exec-10] INFO  f.e.tp.encheres.dal.CategoryDAOImpl - Méthode readByInt
10/07/2024 17:13:03.890 [http-nio-8080-exec-10] INFO  f.e.t.e.dal.PickUpLocationDAOImpl - Méthode findByArticleId
10/07/2024 17:13:03.892 [http-nio-8080-exec-10] INFO  fr.eni.tp.encheres.dal.UserDAOImpl - Méthode readById
10/07/2024 17:13:03.894 [http-nio-8080-exec-10] INFO  fr.eni.tp.encheres.dal.UserDAOImpl - Méthode readById
10/07/2024 17:13:03.895 [http-nio-8080-exec-10] INFO  f.e.tp.encheres.dal.CategoryDAOImpl - Méthode readByInt
10/07/2024 17:13:03.895 [http-nio-8080-exec-10] INFO  f.e.t.e.dal.PickUpLocationDAOImpl - Méthode findByArticleId
10/07/2024 17:13:03.896 [http-nio-8080-exec-10] INFO  fr.eni.tp.encheres.dal.UserDAOImpl - Méthode readById
10/07/2024 17:13:03.896 [http-nio-8080-exec-10] INFO  fr.eni.tp.encheres.dal.UserDAOImpl - Méthode readById
10/07/2024 17:13:03.896 [http-nio-8080-exec-10] INFO  f.e.t.e.controller.LoginController - id utilisateur connecté : 0 affichage des enchères selon critères : SearchCriteria [wordToFind=, radioButton=purchases, category=Category [categoryId=0, label=null, articles=[]], filters={notstarted=false, current=false, won=false, finished=false, open=true, currentVente=false}] - nombre total de pages : 1
10/07/2024 17:13:03.900 [http-nio-8080-exec-10] INFO  f.e.t.e.bll.AuctionServiceImpl - méthode findCategoryById
10/07/2024 17:13:03.900 [http-nio-8080-exec-10] INFO  f.e.tp.encheres.dal.CategoryDAOImpl - Méthode readByInt
10/07/2024 17:13:03.900 [http-nio-8080-exec-10] INFO  f.e.t.e.bll.AuctionServiceImpl - méthode findCategoryById
10/07/2024 17:13:03.900 [http-nio-8080-exec-10] INFO  f.e.tp.encheres.dal.CategoryDAOImpl - Méthode readByInt
10/07/2024 17:13:03.901 [http-nio-8080-exec-10] INFO  f.e.t.e.bll.AuctionServiceImpl - méthode findCategoryById
10/07/2024 17:13:03.901 [http-nio-8080-exec-10] INFO  f.e.tp.encheres.dal.CategoryDAOImpl - Méthode readByInt
10/07/2024 17:13:03.901 [http-nio-8080-exec-10] INFO  f.e.t.e.bll.AuctionServiceImpl - méthode findCategoryById
10/07/2024 17:13:03.901 [http-nio-8080-exec-10] INFO  f.e.tp.encheres.dal.CategoryDAOImpl - Méthode readByInt
10/07/2024 17:13:03.902 [http-nio-8080-exec-10] INFO  f.e.t.e.bll.AuctionServiceImpl - méthode findCategoryById
10/07/2024 17:13:03.902 [http-nio-8080-exec-10] INFO  f.e.tp.encheres.dal.CategoryDAOImpl - Méthode readByInt
10/07/2024 17:13:03.902 [http-nio-8080-exec-10] INFO  f.e.t.e.bll.AuctionServiceImpl - méthode findCategoryById
10/07/2024 17:13:03.902 [http-nio-8080-exec-10] INFO  f.e.tp.encheres.dal.CategoryDAOImpl - Méthode readByInt
10/07/2024 17:13:03.903 [http-nio-8080-exec-10] INFO  f.e.t.e.bll.AuctionServiceImpl - méthode findCategoryById
10/07/2024 17:13:03.903 [http-nio-8080-exec-10] INFO  f.e.tp.encheres.dal.CategoryDAOImpl - Méthode readByInt
10/07/2024 17:13:03.970 [http-nio-8080-exec-3] INFO  f.e.t.e.controller.LoginController - Méthode showLoginForm
10/07/2024 17:13:05.538 [http-nio-8080-exec-5] INFO  f.e.t.e.controller.LoginController - Méthode showLoginForm
10/07/2024 17:13:07.951 [http-nio-8080-exec-10] INFO  f.e.t.e.c.forgotPasswordController - Méthode forgotPassword
10/07/2024 17:13:08.019 [http-nio-8080-exec-3] INFO  f.e.t.e.controller.LoginController - Méthode showLoginForm
10/07/2024 17:13:11.807 [http-nio-8080-exec-5] INFO  f.e.t.e.c.forgotPasswordController - Méthode handleForgotPassword
10/07/2024 17:13:11.807 [http-nio-8080-exec-5] INFO  f.e.tp.encheres.bll.UserServiceImpl - Méthode getUserByEmail
10/07/2024 17:13:11.807 [http-nio-8080-exec-5] INFO  fr.eni.tp.encheres.dal.UserDAOImpl - Méthode readByEmail
10/07/2024 17:13:11.809 [http-nio-8080-exec-5] INFO  f.e.t.e.c.forgotPasswordController - id utilisateur demandant un nouveau password : 6
10/07/2024 17:13:11.810 [http-nio-8080-exec-5] INFO  f.e.t.e.bll.PasswordResetServiceImpl - Méthode createPasswordResetToken
10/07/2024 17:13:11.885 [http-nio-8080-exec-5] INFO  f.e.t.e.dal.PasswordResetDAOImpl - Méthode save
10/07/2024 17:13:11.898 [http-nio-8080-exec-5] INFO  f.e.tp.encheres.bll.EmailServiceImpl - méthode sendPasswordReset
10/07/2024 17:13:11.898 [http-nio-8080-exec-5] INFO  f.e.tp.encheres.bll.EmailServiceImpl - méthode buildResetLink
10/07/2024 17:13:11.899 [http-nio-8080-exec-5] INFO  f.e.tp.encheres.bll.EmailServiceImpl - méthode buildPasswordResetSubject
10/07/2024 17:13:11.899 [http-nio-8080-exec-5] INFO  f.e.tp.encheres.bll.EmailServiceImpl - méthode buildPasswordResetEmail
10/07/2024 17:13:11.899 [http-nio-8080-exec-5] INFO  f.e.tp.encheres.bll.EmailServiceImpl - méthode sendEmail
10/07/2024 17:13:11.988 [http-nio-8080-exec-5] INFO  f.e.tp.encheres.bll.EmailServiceImpl - Email envoyé avec succès!
10/07/2024 17:13:12.059 [http-nio-8080-exec-9] INFO  f.e.t.e.controller.LoginController - Méthode showLoginForm
10/07/2024 17:13:17.079 [http-nio-8080-exec-7] INFO  f.e.t.e.dal.PasswordResetDAOImpl - Méthode findByToken
10/07/2024 17:13:17.220 [http-nio-8080-exec-8] INFO  f.e.t.e.controller.LoginController - Méthode showLoginForm
10/07/2024 17:14:00.014 [scheduling-1] INFO  f.e.t.e.scheduler.ArticleWatcher - Méthode updateArticleState
10/07/2024 17:14:00.014 [scheduling-1] INFO  f.eni.tp.encheres.dal.ArticleDAOImpl - Méthode findArticleToUpdateToFinished
10/07/2024 17:14:00.019 [scheduling-1] INFO  f.eni.tp.encheres.dal.ArticleDAOImpl - Méthode findArticleToUpdateToStarted
10/07/2024 17:14:01.252 [http-nio-8080-exec-4] INFO  f.e.t.e.dal.PasswordResetDAOImpl - Méthode findByToken
10/07/2024 17:14:01.325 [http-nio-8080-exec-4] INFO  fr.eni.tp.encheres.dal.UserDAOImpl - Méthode readById
10/07/2024 17:14:01.399 [http-nio-8080-exec-4] INFO  fr.eni.tp.encheres.dal.UserDAOImpl - Méthode update
10/07/2024 17:14:01.404 [http-nio-8080-exec-4] INFO  f.e.t.e.dal.PasswordResetDAOImpl - Méthode delete
10/07/2024 17:14:06.626 [http-nio-8080-exec-7] INFO  f.e.t.e.b.CustomerUserDetailService - Méthode loadUserByUsername
10/07/2024 17:14:06.626 [http-nio-8080-exec-7] INFO  f.e.t.e.b.CustomerUserDetailService - log in avec l'email
10/07/2024 17:14:06.626 [http-nio-8080-exec-7] INFO  fr.eni.tp.encheres.dal.UserDAOImpl - Méthode readByEmail
10/07/2024 17:14:06.715 [http-nio-8080-exec-1] INFO  f.e.t.e.controller.LoginController - Méthode fillUserSession
10/07/2024 17:14:06.715 [http-nio-8080-exec-1] INFO  f.e.tp.encheres.bll.UserServiceImpl - Méthode getUserByEmail
10/07/2024 17:14:06.715 [http-nio-8080-exec-1] INFO  fr.eni.tp.encheres.dal.UserDAOImpl - Méthode readByEmail
10/07/2024 17:14:06.716 [http-nio-8080-exec-1] INFO  f.e.tp.encheres.bll.UserServiceImpl - Méthode fillUserAttributes
10/07/2024 17:14:06.716 [http-nio-8080-exec-1] INFO  f.e.t.e.controller.LoginController - idUser mis en session : 6
10/07/2024 17:14:06.728 [http-nio-8080-exec-3] INFO  f.e.t.e.controller.LoginController - Méthode showAuctionsPage
10/07/2024 17:14:06.728 [http-nio-8080-exec-3] INFO  f.e.t.e.bll.AuctionServiceImpl - méthode selectArticles
10/07/2024 17:14:06.728 [http-nio-8080-exec-3] INFO  f.eni.tp.encheres.dal.ArticleDAOImpl - Méthode findWithFilters
10/07/2024 17:14:06.728 [http-nio-8080-exec-3] INFO  f.eni.tp.encheres.dal.ArticleDAOImpl - Méthode mapToSQLCondition
10/07/2024 17:14:06.732 [http-nio-8080-exec-3] INFO  f.e.tp.encheres.dal.CategoryDAOImpl - Méthode readByInt
10/07/2024 17:14:06.735 [http-nio-8080-exec-3] INFO  f.e.t.e.dal.PickUpLocationDAOImpl - Méthode findByArticleId
10/07/2024 17:14:06.736 [http-nio-8080-exec-3] INFO  fr.eni.tp.encheres.dal.UserDAOImpl - Méthode readById
10/07/2024 17:14:06.737 [http-nio-8080-exec-3] INFO  fr.eni.tp.encheres.dal.UserDAOImpl - Méthode readById
10/07/2024 17:14:06.737 [http-nio-8080-exec-3] INFO  f.e.tp.encheres.dal.CategoryDAOImpl - Méthode readByInt
10/07/2024 17:14:06.737 [http-nio-8080-exec-3] INFO  f.e.t.e.dal.PickUpLocationDAOImpl - Méthode findByArticleId
10/07/2024 17:14:06.738 [http-nio-8080-exec-3] INFO  fr.eni.tp.encheres.dal.UserDAOImpl - Méthode readById
10/07/2024 17:14:06.738 [http-nio-8080-exec-3] INFO  fr.eni.tp.encheres.dal.UserDAOImpl - Méthode readById
10/07/2024 17:14:06.738 [http-nio-8080-exec-3] INFO  f.e.t.e.controller.LoginController - id utilisateur connecté : 6 affichage des enchères selon critères : SearchCriteria [wordToFind=, radioButton=purchases, category=Category [categoryId=0, label=null, articles=[]], filters={notstarted=false, current=false, won=false, finished=false, open=true, currentVente=false}] - nombre total de pages : 1
10/07/2024 17:14:06.742 [http-nio-8080-exec-3] INFO  f.e.t.e.bll.AuctionServiceImpl - méthode findCategoryById
10/07/2024 17:14:06.742 [http-nio-8080-exec-3] INFO  f.e.tp.encheres.dal.CategoryDAOImpl - Méthode readByInt
10/07/2024 17:14:06.742 [http-nio-8080-exec-3] INFO  f.e.t.e.bll.AuctionServiceImpl - méthode findCategoryById
10/07/2024 17:14:06.742 [http-nio-8080-exec-3] INFO  f.e.tp.encheres.dal.CategoryDAOImpl - Méthode readByInt
10/07/2024 17:14:06.743 [http-nio-8080-exec-3] INFO  f.e.t.e.bll.AuctionServiceImpl - méthode findCategoryById
10/07/2024 17:14:06.743 [http-nio-8080-exec-3] INFO  f.e.tp.encheres.dal.CategoryDAOImpl - Méthode readByInt
10/07/2024 17:14:06.744 [http-nio-8080-exec-3] INFO  f.e.t.e.bll.AuctionServiceImpl - méthode findCategoryById
10/07/2024 17:14:06.744 [http-nio-8080-exec-3] INFO  f.e.tp.encheres.dal.CategoryDAOImpl - Méthode readByInt
10/07/2024 17:14:06.744 [http-nio-8080-exec-3] INFO  f.e.t.e.bll.AuctionServiceImpl - méthode findCategoryById
10/07/2024 17:14:06.744 [http-nio-8080-exec-3] INFO  f.e.tp.encheres.dal.CategoryDAOImpl - Méthode readByInt
10/07/2024 17:14:06.745 [http-nio-8080-exec-3] INFO  f.e.t.e.bll.AuctionServiceImpl - méthode findCategoryById
10/07/2024 17:14:06.745 [http-nio-8080-exec-3] INFO  f.e.tp.encheres.dal.CategoryDAOImpl - Méthode readByInt
10/07/2024 17:14:06.745 [http-nio-8080-exec-3] INFO  f.e.t.e.bll.AuctionServiceImpl - méthode findCategoryById
10/07/2024 17:14:06.745 [http-nio-8080-exec-3] INFO  f.e.tp.encheres.dal.CategoryDAOImpl - Méthode readByInt
10/07/2024 17:15:00.000 [scheduling-1] INFO  f.e.t.e.scheduler.ArticleWatcher - Méthode updateArticleState
10/07/2024 17:15:00.000 [scheduling-1] INFO  f.eni.tp.encheres.dal.ArticleDAOImpl - Méthode findArticleToUpdateToFinished
10/07/2024 17:15:00.015 [scheduling-1] INFO  f.eni.tp.encheres.dal.ArticleDAOImpl - Méthode findArticleToUpdateToStarted
10/07/2024 17:16:00.001 [scheduling-1] INFO  f.e.t.e.scheduler.ArticleWatcher - Méthode updateArticleState
10/07/2024 17:16:00.001 [scheduling-1] INFO  f.eni.tp.encheres.dal.ArticleDAOImpl - Méthode findArticleToUpdateToFinished
10/07/2024 17:16:00.027 [scheduling-1] INFO  f.eni.tp.encheres.dal.ArticleDAOImpl - Méthode findArticleToUpdateToStarted
10/07/2024 17:17:00.008 [scheduling-1] INFO  f.e.t.e.scheduler.ArticleWatcher - Méthode updateArticleState
10/07/2024 17:17:00.008 [scheduling-1] INFO  f.eni.tp.encheres.dal.ArticleDAOImpl - Méthode findArticleToUpdateToFinished
10/07/2024 17:17:00.035 [scheduling-1] INFO  f.eni.tp.encheres.dal.ArticleDAOImpl - Méthode findArticleToUpdateToStarted
10/07/2024 17:18:00.004 [scheduling-1] INFO  f.e.t.e.scheduler.ArticleWatcher - Méthode updateArticleState
10/07/2024 17:18:00.004 [scheduling-1] INFO  f.eni.tp.encheres.dal.ArticleDAOImpl - Méthode findArticleToUpdateToFinished
10/07/2024 17:18:00.030 [scheduling-1] INFO  f.eni.tp.encheres.dal.ArticleDAOImpl - Méthode findArticleToUpdateToStarted
10/07/2024 17:19:00.001 [scheduling-1] INFO  f.e.t.e.scheduler.ArticleWatcher - Méthode updateArticleState
10/07/2024 17:19:00.001 [scheduling-1] INFO  f.eni.tp.encheres.dal.ArticleDAOImpl - Méthode findArticleToUpdateToFinished
10/07/2024 17:19:00.026 [scheduling-1] INFO  f.eni.tp.encheres.dal.ArticleDAOImpl - Méthode findArticleToUpdateToStarted
10/07/2024 17:20:00.014 [scheduling-1] INFO  f.e.t.e.scheduler.ArticleWatcher - Méthode updateArticleState
10/07/2024 17:20:00.014 [scheduling-1] INFO  f.eni.tp.encheres.dal.ArticleDAOImpl - Méthode findArticleToUpdateToFinished
10/07/2024 17:20:00.040 [scheduling-1] INFO  f.eni.tp.encheres.dal.ArticleDAOImpl - Méthode findArticleToUpdateToStarted
10/07/2024 17:21:00.007 [scheduling-1] INFO  f.e.t.e.scheduler.ArticleWatcher - Méthode updateArticleState
10/07/2024 17:21:00.007 [scheduling-1] INFO  f.eni.tp.encheres.dal.ArticleDAOImpl - Méthode findArticleToUpdateToFinished
10/07/2024 17:21:00.034 [scheduling-1] INFO  f.eni.tp.encheres.dal.ArticleDAOImpl - Méthode findArticleToUpdateToStarted
10/07/2024 17:22:00.011 [scheduling-1] INFO  f.e.t.e.scheduler.ArticleWatcher - Méthode updateArticleState
10/07/2024 17:22:00.011 [scheduling-1] INFO  f.eni.tp.encheres.dal.ArticleDAOImpl - Méthode findArticleToUpdateToFinished
10/07/2024 17:22:00.039 [scheduling-1] INFO  f.eni.tp.encheres.dal.ArticleDAOImpl - Méthode findArticleToUpdateToStarted
10/07/2024 17:23:00.001 [scheduling-1] INFO  f.e.t.e.scheduler.ArticleWatcher - Méthode updateArticleState
10/07/2024 17:23:00.001 [scheduling-1] INFO  f.eni.tp.encheres.dal.ArticleDAOImpl - Méthode findArticleToUpdateToFinished
10/07/2024 17:23:00.026 [scheduling-1] INFO  f.eni.tp.encheres.dal.ArticleDAOImpl - Méthode findArticleToUpdateToStarted
10/07/2024 17:24:00.001 [scheduling-1] INFO  f.e.t.e.scheduler.ArticleWatcher - Méthode updateArticleState
10/07/2024 17:24:00.001 [scheduling-1] INFO  f.eni.tp.encheres.dal.ArticleDAOImpl - Méthode findArticleToUpdateToFinished
10/07/2024 17:24:00.025 [scheduling-1] INFO  f.eni.tp.encheres.dal.ArticleDAOImpl - Méthode findArticleToUpdateToStarted
10/07/2024 17:25:00.014 [scheduling-1] INFO  f.e.t.e.scheduler.ArticleWatcher - Méthode updateArticleState
10/07/2024 17:25:00.014 [scheduling-1] INFO  f.eni.tp.encheres.dal.ArticleDAOImpl - Méthode findArticleToUpdateToFinished
10/07/2024 17:25:00.040 [scheduling-1] INFO  f.eni.tp.encheres.dal.ArticleDAOImpl - Méthode findArticleToUpdateToStarted
10/07/2024 17:25:28.608 [RMI TCP Connection(17)-127.0.0.1] INFO  o.s.b.a.SpringApplicationAdminMXBeanRegistrar$SpringApplicationAdmin - Application shutdown requested.
10/07/2024 17:25:28.612 [RMI TCP Connection(17)-127.0.0.1] INFO  o.a.coyote.http11.Http11NioProtocol - Stopping ProtocolHandler ["http-nio-8080"]
10/07/2024 17:25:28.626 [RMI TCP Connection(17)-127.0.0.1] INFO  o.s.o.j.LocalContainerEntityManagerFactoryBean - Closing JPA EntityManagerFactory for persistence unit 'default'
10/07/2024 17:25:28.629 [RMI TCP Connection(17)-127.0.0.1] INFO  com.zaxxer.hikari.HikariDataSource - HikariPool-1 - Shutdown initiated...
10/07/2024 17:25:28.631 [RMI TCP Connection(17)-127.0.0.1] INFO  com.zaxxer.hikari.HikariDataSource - HikariPool-1 - Shutdown completed.
